[INFO] 20:01:27:552 LFS/(13406:13496): Compactacion finalizada. Tiempo Bloqueo: 0.036 milisegundos
[INFO] 20:04:09:866 LFS/(13561:13613): Compactacion finalizada. Tiempo Bloqueo: 0.032 milisegundos
[INFO] 22:43:32:477 LFS/(18702:18726): Compactacion finalizada. Tiempo Bloqueo: 1.087 milisegundos
[INFO] 22:44:49:999 LFS/(18702:18726): Compactacion finalizada. Tiempo Bloqueo: 0.029 milisegundos
[INFO] 22:45:49:0 LFS/(18702:18726): Compactacion finalizada. Tiempo Bloqueo: 0.027 milisegundos
[INFO] 04:22:36:549 LFS/(31416:31440): Compactacion finalizada. Tiempo Bloqueo: 0.034 milisegundos
[INFO] 04:23:36:857 LFS/(31416:31440): Compactacion finalizada. Tiempo Bloqueo: 0.8 milisegundos
[INFO] 04:28:50:759 LFS/(31629:31672): Compactacion finalizada. Tiempo Bloqueo: 0.763 milisegundos
[INFO] 04:39:30:86 LFS/(31987:32050): Compactacion finalizada. Tiempo Bloqueo: 0.76 milisegundos
[INFO] 04:40:55:312 LFS/(31987:32050): Compactacion finalizada. Tiempo Bloqueo: 0.022 milisegundos
[INFO] 08:12:06:734 LFS/(8596:8649): Compactacion finalizada. Tiempo Bloqueo: 1.165 milisegundos
[INFO] 08:13:06:735 LFS/(8596:8649): Compactacion finalizada. Tiempo Bloqueo: 1.163 milisegundos
[INFO] 08:14:06:735 LFS/(8596:8649): Compactacion finalizada. Tiempo Bloqueo: 0.028 milisegundos
[INFO] 08:15:06:736 LFS/(8596:8649): Compactacion finalizada. Tiempo Bloqueo: 0.028 milisegundos
[INFO] 08:16:06:737 LFS/(8596:8649): Compactacion finalizada. Tiempo Bloqueo: 0.909 milisegundos
[INFO] 08:29:34:928 LFS/(9339:9378): Compactacion finalizada. Tiempo Bloqueo: 0.9269999999999999 milisegundos
[INFO] 08:30:55:838 LFS/(9339:9378): Compactacion finalizada. Tiempo Bloqueo: 0.92 milisegundos
[INFO] 09:06:56:920 LFS/(9908:9978): Compactacion finalizada. Tiempo Bloqueo: 0.731 milisegundos
[INFO] 12:14:34:751 LFS/(15288:15315): Compactacion finalizada. Tiempo Bloqueo: 0.7060000000000001 milisegundos
[INFO] 12:15:01:22 LFS/(15288:15373): Compactacion finalizada. Tiempo Bloqueo: 0.031 milisegundos
[INFO] 12:15:22:66 LFS/(15288:15373): Compactacion finalizada. Tiempo Bloqueo: 0.5590000000000001 milisegundos
[INFO] 12:21:37:39 LFS/(15504:15521): Compactacion finalizada. Tiempo Bloqueo: 0.019 milisegundos
[INFO] 21:59:19:368 LFS/(7655:7751): INICIO Comp. Tabla ANIMALS
[INFO] 21:59:19:374 LFS/(7655:7751): FIN Comp. Tabla ANIMALS
[INFO] 21:59:19:374 LFS/(7655:7751): Compactacion finalizada. Tiempo Bloqueo: 1.599 milisegundos
[INFO] 21:59:19:389 LFS/(7655:7753): INICIO Comp. Tabla METALS
[INFO] 21:59:19:391 LFS/(7655:7753): FIN Comp. Tabla METALS
[INFO] 21:59:19:391 LFS/(7655:7753): Compactacion finalizada. Tiempo Bloqueo: 1.627 milisegundos
[INFO] 21:59:24:376 LFS/(7655:7751): INICIO Comp. Tabla ANIMALS
[INFO] 21:59:24:381 LFS/(7655:7751): FIN Comp. Tabla ANIMALS
[INFO] 21:59:24:381 LFS/(7655:7751): Compactacion finalizada. Tiempo Bloqueo: 5.129 milisegundos
[INFO] 21:59:24:391 LFS/(7655:7753): INICIO Comp. Tabla METALS
[INFO] 21:59:24:399 LFS/(7655:7753): FIN Comp. Tabla METALS
[INFO] 21:59:24:399 LFS/(7655:7753): Compactacion finalizada. Tiempo Bloqueo: 4.889 milisegundos
[INFO] 21:59:29:389 LFS/(7655:7751): INICIO Comp. Tabla ANIMALS
[INFO] 21:59:29:402 LFS/(7655:7753): INICIO Comp. Tabla METALS
[INFO] 21:59:29:428 LFS/(7655:7751): FIN Comp. Tabla ANIMALS
[INFO] 21:59:29:428 LFS/(7655:7751): Compactacion finalizada. Tiempo Bloqueo: 6.889 milisegundos
[INFO] 21:59:29:437 LFS/(7655:7753): FIN Comp. Tabla METALS
[INFO] 21:59:29:437 LFS/(7655:7753): Compactacion finalizada. Tiempo Bloqueo: 9.419 milisegundos
[INFO] 21:59:34:428 LFS/(7655:7751): INICIO Comp. Tabla ANIMALS
[INFO] 21:59:34:438 LFS/(7655:7753): INICIO Comp. Tabla METALS
[INFO] 21:59:34:463 LFS/(7655:7751): FIN Comp. Tabla ANIMALS
[INFO] 21:59:34:463 LFS/(7655:7751): Compactacion finalizada. Tiempo Bloqueo: 11.463 milisegundos
[INFO] 21:59:34:475 LFS/(7655:7753): FIN Comp. Tabla METALS
[INFO] 21:59:34:475 LFS/(7655:7753): Compactacion finalizada. Tiempo Bloqueo: 14.481 milisegundos
[INFO] 21:59:39:465 LFS/(7655:7751): INICIO Comp. Tabla ANIMALS
[INFO] 21:59:39:475 LFS/(7655:7753): INICIO Comp. Tabla METALS
[INFO] 21:59:39:490 LFS/(7655:7751): FIN Comp. Tabla ANIMALS
[INFO] 21:59:39:490 LFS/(7655:7751): Compactacion finalizada. Tiempo Bloqueo: 0.264 milisegundos
[INFO] 21:59:44:491 LFS/(7655:7751): INICIO Comp. Tabla ANIMALS
[INFO] 22:12:53:66 LFS/(10383:10426): INICIO Comp. Tabla ANIMALS
[INFO] 22:12:53:72 LFS/(10383:10426): FIN Comp. Tabla ANIMALS
[INFO] 22:12:53:72 LFS/(10383:10426): Compactacion finalizada. Tiempo Bloqueo: 2.104 milisegundos
[INFO] 22:12:53:73 LFS/(10383:10428): INICIO Comp. Tabla METALS
[INFO] 22:12:53:75 LFS/(10383:10428): FIN Comp. Tabla METALS
[INFO] 22:12:53:75 LFS/(10383:10428): Compactacion finalizada. Tiempo Bloqueo: 1.751 milisegundos
[INFO] 22:12:58:72 LFS/(10383:10426): INICIO Comp. Tabla ANIMALS
[INFO] 22:12:58:75 LFS/(10383:10428): INICIO Comp. Tabla METALS
[INFO] 22:12:58:91 LFS/(10383:10426): FIN Comp. Tabla ANIMALS
[INFO] 22:12:58:91 LFS/(10383:10426): Compactacion finalizada. Tiempo Bloqueo: 6.902 milisegundos
[INFO] 22:12:58:100 LFS/(10383:10428): FIN Comp. Tabla METALS
[INFO] 22:12:58:100 LFS/(10383:10428): Compactacion finalizada. Tiempo Bloqueo: 8.935 milisegundos
[INFO] 22:13:03:91 LFS/(10383:10426): INICIO Comp. Tabla ANIMALS
[INFO] 22:13:03:100 LFS/(10383:10428): INICIO Comp. Tabla METALS
[INFO] 22:13:03:121 LFS/(10383:10426): FIN Comp. Tabla ANIMALS
[INFO] 22:13:03:121 LFS/(10383:10426): Compactacion finalizada. Tiempo Bloqueo: 3.079 milisegundos
[INFO] 22:13:08:122 LFS/(10383:10426): INICIO Comp. Tabla ANIMALS
[INFO] 22:19:05:134 LFS/(12068:12119): INICIO Comp. Tabla ANIMALS
[INFO] 22:19:05:143 LFS/(12068:12121): INICIO Comp. Tabla METALS
[INFO] 22:19:05:150 LFS/(12068:12121): FIN Comp. Tabla METALS
[INFO] 22:19:05:150 LFS/(12068:12121): Compactacion finalizada. Tiempo Bloqueo: 3.847 milisegundos
[INFO] 22:19:05:150 LFS/(12068:12119): FIN Comp. Tabla ANIMALS
[INFO] 22:19:05:150 LFS/(12068:12119): Compactacion finalizada. Tiempo Bloqueo: 3.955 milisegundos
