[INFO] 11:24:26:388 LFS/(5683:5689): Estoy escuchando

[INFO] 11:24:50:27 LFS/(5757:5768): Estoy escuchando

[INFO] 11:31:58:709 LFS/(6036:6047): Estoy escuchando

[INFO] 11:33:32:197 LFS/(6106:6119): Estoy escuchando

[INFO] 12:33:35:649 LFS/(3545:3558): Estoy escuchando

[INFO] 12:41:38:76 LFS/(3897:3904): Estoy escuchando

[ERROR] 12:42:57:589 LFS/(3897:3910): La tabla TABLA no existe.
[ERROR] 12:44:00:107 LFS/(3897:3923): La tabla TABLA no existe.
[INFO] 13:03:53:739 LFS/(4525:4537): Estoy escuchando

[INFO] 13:05:53:915 LFS/(4648:4662): Estoy escuchando

[INFO] 13:08:38:307 LFS/(4787:4799): Estoy escuchando

[INFO] 22:23:55:407 LFS/(9154:9171): Estoy escuchando

[ERROR] 22:24:06:984 LFS/(9154:9182): La tabla HOLA no existe.
[INFO] 14:19:52:313 LFS/(5924:5937): Estoy escuchando

[INFO] 20:23:08:844 LFS/(6970:6977): Estoy escuchando

[ERROR] 20:23:20:348 LFS/(6970:6979): La tabla 2 no existe.
[INFO] 00:00:29:950 LFS/(15649:15660): Se conecto una Memoria
[INFO] 12:21:52:347 LFS/(3281:3292): Se conecto una Memoria
[INFO] 12:22:12:69 LFS/(3281:3293): Se va a ejecutar CREATE CITIES SC 5 60000
[INFO] 12:22:13:87 LFS/(3281:3293): Se va a ejecutar CREATE COUNTRIES SC 1 60000
[INFO] 12:31:38:310 LFS/(3645:3656): Se conecto una Memoria
[INFO] 12:31:55:711 LFS/(3645:3657): Se va a ejecutar CREATE CITIES SC 5 60000
[INFO] 12:31:56:725 LFS/(3645:3657): Se va a ejecutar CREATE COUNTRIES SC 1 60000
[ERROR] 12:32:31:878 LFS/(3645:3660): Se recibio algo incorrecto de Memoria, se cierra la conexion.
[INFO] 12:38:44:586 LFS/(3904:3917): Se conecto una Memoria
[INFO] 12:38:57:909 LFS/(3904:3918): Se va a ejecutar CREATE CITIES SC 5 60000
[INFO] 12:38:58:929 LFS/(3904:3918): Se va a ejecutar CREATE COUNTRIES SC 1 60000
[INFO] 19:59:17:944 LFS/(13406:13427): Se conecto una Memoria
[ERROR] 20:01:39:323 LFS/(13406:13430): Se recibio algo incorrecto de Memoria, se cierra la conexion.
[INFO] 20:02:36:463 LFS/(13561:13574): Se conecto una Memoria
[ERROR] 20:04:15:8 LFS/(13561:13591): Se recibio algo incorrecto de Memoria, se cierra la conexion.
[INFO] 20:05:14:824 LFS/(13713:13724): Se conecto una Memoria
[ERROR] 20:06:39:957 LFS/(13713:13728): Se recibio algo incorrecto de Memoria, se cierra la conexion.
[INFO] 20:40:47:141 LFS/(14751:14762): Se conecto una Memoria
[INFO] 20:46:18:689 LFS/(14907:14918): Se conecto una Memoria
[INFO] 21:30:03:968 LFS/(16372:16400): Se conecto una Memoria
[INFO] 21:57:25:487 LFS/(17246:17259): Se conecto una Memoria
[INFO] 22:00:06:523 LFS/(17371:17383): Se conecto una Memoria
[INFO] 22:04:43:755 LFS/(17557:17570): Se conecto una Memoria
[INFO] 22:42:06:20 LFS/(18702:18713): Se conecto una Memoria
[INFO] 02:00:56:463 LFS/(26450:26450): [Control existencia]: Se encuentra el directorio Bloques
[INFO] 02:00:56:463 LFS/(26450:26450): [Control existencia]: Se encuentra el directorio Tablas
[INFO] 02:00:56:463 LFS/(26450:26450): [Control existencia]: Se encuentra el directorio Metadata
[INFO] 02:01:17:834 LFS/(26490:26490): [Control existencia]: Se encuentra el directorio Bloques
[INFO] 02:01:17:834 LFS/(26490:26490): [Control existencia]: Se encuentra el directorio Tablas
[INFO] 02:01:17:834 LFS/(26490:26490): [Control existencia]: Se encuentra el directorio Metadata
[INFO] 02:02:42:536 LFS/(26589:26589): [Control existencia]: Se encuentra el directorio Bloques
[INFO] 02:02:42:536 LFS/(26589:26589): [Control existencia]: Se encuentra el directorio Tablas
[INFO] 02:02:42:536 LFS/(26589:26589): [Control existencia]: Se encuentra el directorio Metadata
[INFO] 02:07:47:863 LFS/(26880:26880): [Control existencia]: Se encuentra el directorio Bloques
[INFO] 02:07:47:863 LFS/(26880:26880): [Control existencia]: Se encuentra el directorio Tablas
[INFO] 02:07:47:863 LFS/(26880:26880): [Control existencia]: Se encuentra el directorio Metadata
[INFO] 02:12:08:135 LFS/(27199:27199): [Control existencia]: Se encuentra el directorio Bloques
[INFO] 02:12:08:135 LFS/(27199:27199): [Control existencia]: Se encuentra el directorio Tablas
[INFO] 02:12:08:135 LFS/(27199:27199): [Control existencia]: Se encuentra el directorio Metadata
[INFO] 02:13:03:972 LFS/(27296:27296): [Control existencia]: Se encuentra el directorio Bloques
[INFO] 02:13:03:972 LFS/(27296:27296): [Control existencia]: Se encuentra el directorio Tablas
[INFO] 02:13:03:972 LFS/(27296:27296): [Control existencia]: Se encuentra el directorio Metadata
[INFO] 04:21:01:24 LFS/(31368:31368): [Control existencia]: Se encuentra el directorio Bloques
[INFO] 04:21:01:26 LFS/(31368:31368): [Control existencia]: Se encuentra el directorio Tablas
[INFO] 04:21:01:26 LFS/(31368:31368): [Control existencia]: Se encuentra el directorio Metadata
[INFO] 04:21:14:370 LFS/(31416:31416): [Control existencia]: Se encuentra el directorio Bloques
[INFO] 04:21:14:373 LFS/(31416:31416): [Control existencia]: Se encuentra el directorio Tablas
[INFO] 04:21:14:373 LFS/(31416:31416): [Control existencia]: Se encuentra el directorio Metadata
[INFO] 04:21:26:785 LFS/(31416:31428): Se conecto una Memoria
[INFO] 04:27:40:547 LFS/(31629:31629): [Control existencia]: Se encuentra el directorio Bloques
[INFO] 04:27:40:547 LFS/(31629:31629): [Control existencia]: Se encuentra el directorio Tablas
[INFO] 04:27:40:547 LFS/(31629:31629): [Control existencia]: Se encuentra el directorio Metadata
[INFO] 04:27:48:857 LFS/(31629:31657): Se conecto una Memoria
[INFO] 04:37:31:629 LFS/(31987:31987): [Control existencia]: Se encuentra el directorio Bloques
[INFO] 04:37:31:629 LFS/(31987:31987): [Control existencia]: Se encuentra el directorio Tablas
[INFO] 04:37:31:629 LFS/(31987:31987): [Control existencia]: Se encuentra el directorio Metadata
[INFO] 04:37:43:241 LFS/(31987:32024): Se conecto una Memoria
[INFO] 04:54:59:354 LFS/(32711:32711): [Control existencia]: Se encuentra el directorio Bloques
[INFO] 04:54:59:354 LFS/(32711:32711): [Control existencia]: Se encuentra el directorio Tablas
[INFO] 04:54:59:354 LFS/(32711:32711): [Control existencia]: Se encuentra el directorio Metadata
[INFO] 04:55:05:984 LFS/(32711:32726): Se conecto una Memoria
[INFO] 04:55:13:198 LFS/(32711:32739): Se intento crear la tabla ya existente: POSTRES.

[ERROR] 04:58:43:71 LFS/(32711:32731): Se recibio algo incorrecto de Memoria, se cierra la conexion.
[INFO] 08:06:31:983 LFS/(8394:8394): [Control existencia]: Se encuentra el directorio Bloques
[INFO] 08:06:31:983 LFS/(8394:8394): [Control existencia]: Se encuentra el directorio Tablas
[INFO] 08:06:31:983 LFS/(8394:8394): [Control existencia]: Se encuentra el directorio Metadata
[INFO] 08:06:40:896 LFS/(8394:8418): Se conecto una Memoria
[INFO] 08:10:42:806 LFS/(8596:8596): [Control existencia]: Se encuentra el directorio Bloques
[INFO] 08:10:42:807 LFS/(8596:8596): [Control existencia]: Se encuentra el directorio Tablas
[INFO] 08:10:42:807 LFS/(8596:8596): [Control existencia]: Se encuentra el directorio Metadata
[INFO] 08:10:48:478 LFS/(8596:8619): Se conecto una Memoria
[INFO] 08:22:16:82 LFS/(9067:9067): [Control existencia]: Se encuentra el directorio Bloques
[INFO] 08:22:16:82 LFS/(9067:9067): [Control existencia]: Se encuentra el directorio Tablas
[INFO] 08:22:16:82 LFS/(9067:9067): [Control existencia]: Se encuentra el directorio Metadata
[INFO] 08:22:22:158 LFS/(9067:9092): Se conecto una Memoria
[INFO] 08:28:09:529 LFS/(9339:9339): [Control existencia]: Se encuentra el directorio Bloques
[INFO] 08:28:09:529 LFS/(9339:9339): [Control existencia]: Se encuentra el directorio Tablas
[INFO] 08:28:09:529 LFS/(9339:9339): [Control existencia]: Se encuentra el directorio Metadata
[INFO] 08:28:21:252 LFS/(9339:9355): Se conecto una Memoria
[INFO] 09:05:30:682 LFS/(9908:9908): [Control existencia]: Se encuentra el directorio Bloques
[INFO] 09:05:30:683 LFS/(9908:9908): [Control existencia]: Se encuentra el directorio Tablas
[INFO] 09:05:30:683 LFS/(9908:9908): [Control existencia]: Se encuentra el directorio Metadata
[INFO] 09:05:39:577 LFS/(9908:9953): Se conecto una Memoria
[INFO] 12:13:34:176 LFS/(15288:15288): [Control existencia]: Se encuentra el directorio Bloques
[INFO] 12:13:34:177 LFS/(15288:15288): [Control existencia]: Se encuentra el directorio Tablas
[INFO] 12:13:34:178 LFS/(15288:15288): [Control existencia]: Se encuentra el directorio Metadata
[INFO] 12:13:45:653 LFS/(15288:15311): Se va a hacer el dump
[INFO] 12:13:48:140 LFS/(15288:15311): Se termino el dump
[INFO] 12:14:11:142 LFS/(15288:15311): Se va a hacer el dump
[INFO] 12:14:11:143 LFS/(15288:15311): Se termino el dump
[INFO] 12:14:33:338 LFS/(15288:15311): Se va a hacer el dump
[INFO] 12:14:38:956 LFS/(15288:15311): Se termino el dump
[INFO] 12:14:44:45 LFS/(15288:15311): Se va a hacer el dump
[INFO] 12:20:15:891 LFS/(15504:15504): [Control existencia]: Se encuentra el directorio Bloques
[INFO] 12:20:15:891 LFS/(15504:15504): [Control existencia]: Se encuentra el directorio Tablas
[INFO] 12:20:15:891 LFS/(15504:15504): [Control existencia]: Se encuentra el directorio Metadata
[INFO] 12:20:18:903 LFS/(15504:15516): Se va a hacer el dump
[INFO] 12:20:18:903 LFS/(15504:15516): Se termino el dump
[INFO] 12:20:21:904 LFS/(15504:15516): Se va a hacer el dump
[INFO] 12:20:21:905 LFS/(15504:15516): Se termino el dump
[INFO] 12:20:24:905 LFS/(15504:15516): Se va a hacer el dump
[INFO] 12:20:24:907 LFS/(15504:15516): Se termino el dump
[INFO] 12:20:27:907 LFS/(15504:15516): Se va a hacer el dump
[INFO] 12:20:27:908 LFS/(15504:15516): Se termino el dump
[INFO] 12:20:30:908 LFS/(15504:15516): Se va a hacer el dump
[INFO] 12:20:30:910 LFS/(15504:15516): Se termino el dump
[INFO] 12:20:33:391 LFS/(15504:15529): Se intento crear la tabla ya existente: T.

[INFO] 12:20:33:910 LFS/(15504:15516): Se va a hacer el dump
[INFO] 12:20:33:912 LFS/(15504:15516): Se termino el dump
[INFO] 12:20:36:912 LFS/(15504:15516): Se va a hacer el dump
[INFO] 12:20:36:913 LFS/(15504:15516): Se termino el dump
[INFO] 12:20:39:913 LFS/(15504:15516): Se va a hacer el dump
[INFO] 12:20:39:914 LFS/(15504:15516): Se termino el dump
[INFO] 12:20:42:914 LFS/(15504:15516): Se va a hacer el dump
[INFO] 12:20:42:915 LFS/(15504:15516): Se termino el dump
[INFO] 12:21:37:39 LFS/(15504:15516): Se va a hacer el dump
[INFO] 12:35:25:250 LFS/(16346:16346): [Control existencia]: Se encuentra el directorio Bloques
[INFO] 12:35:25:250 LFS/(16346:16346): [Control existencia]: Se encuentra el directorio Tablas
[INFO] 12:35:25:250 LFS/(16346:16346): [Control existencia]: Se encuentra el directorio Metadata
[INFO] 12:35:28:412 LFS/(16346:16360): Se va a hacer el dump
[INFO] 12:35:28:412 LFS/(16346:16360): Se termino el dump
[INFO] 12:35:31:413 LFS/(16346:16360): Se va a hacer el dump
[INFO] 12:35:31:413 LFS/(16346:16360): Se termino el dump
[INFO] 12:35:34:413 LFS/(16346:16360): Se va a hacer el dump
[INFO] 12:35:34:413 LFS/(16346:16360): Se termino el dump
[INFO] 12:35:37:414 LFS/(16346:16360): Se va a hacer el dump
[INFO] 12:35:37:416 LFS/(16346:16360): Se termino el dump
[INFO] 12:35:42:413 LFS/(16346:16360): Se va a hacer el dump
[INFO] 12:35:42:413 LFS/(16346:16360): Se termino el dump
[INFO] 12:35:45:414 LFS/(16346:16360): Se va a hacer el dump
[INFO] 12:35:45:414 LFS/(16346:16360): Se termino el dump
[INFO] 12:35:48:414 LFS/(16346:16360): Se va a hacer el dump
[INFO] 12:35:48:414 LFS/(16346:16360): Se termino el dump
[INFO] 12:35:51:415 LFS/(16346:16360): Se va a hacer el dump
[INFO] 12:35:51:415 LFS/(16346:16360): Se termino el dump
[INFO] 12:35:54:417 LFS/(16346:16360): Se va a hacer el dump
[INFO] 12:35:54:417 LFS/(16346:16360): Se termino el dump
[INFO] 12:35:57:418 LFS/(16346:16360): Se va a hacer el dump
[INFO] 12:35:57:418 LFS/(16346:16360): Se termino el dump
[INFO] 12:36:00:419 LFS/(16346:16360): Se va a hacer el dump
[INFO] 12:36:00:419 LFS/(16346:16360): Se termino el dump
[INFO] 12:36:03:419 LFS/(16346:16360): Se va a hacer el dump
[INFO] 12:36:03:420 LFS/(16346:16360): Se termino el dump
[INFO] 12:36:06:421 LFS/(16346:16360): Se va a hacer el dump
[INFO] 12:36:06:421 LFS/(16346:16360): Se termino el dump
[INFO] 12:36:45:393 LFS/(16346:16360): Se va a hacer el dump
[INFO] 12:40:54:775 LFS/(16472:16472): [Control existencia]: Se encuentra el directorio Bloques
[INFO] 12:40:54:775 LFS/(16472:16472): [Control existencia]: Se encuentra el directorio Tablas
[INFO] 12:40:54:775 LFS/(16472:16472): [Control existencia]: Se encuentra el directorio Metadata
[INFO] 12:40:57:901 LFS/(16472:16495): Se va a hacer el dump
[INFO] 12:40:57:902 LFS/(16472:16495): Se termino el dump
[INFO] 12:41:00:902 LFS/(16472:16495): Se va a hacer el dump
[INFO] 12:41:00:902 LFS/(16472:16495): Se termino el dump
[INFO] 12:41:03:903 LFS/(16472:16495): Se va a hacer el dump
[INFO] 12:41:03:903 LFS/(16472:16495): Se termino el dump
[INFO] 12:41:06:903 LFS/(16472:16495): Se va a hacer el dump
[INFO] 12:41:06:904 LFS/(16472:16495): Se termino el dump
[INFO] 12:41:09:905 LFS/(16472:16495): Se va a hacer el dump
[INFO] 12:41:09:907 LFS/(16472:16495): Se termino el dump
[INFO] 12:41:12:907 LFS/(16472:16495): Se va a hacer el dump
[INFO] 12:41:12:908 LFS/(16472:16495): Se termino el dump
[INFO] 12:41:15:908 LFS/(16472:16495): Se va a hacer el dump
[INFO] 12:41:15:909 LFS/(16472:16495): Se termino el dump
[INFO] 12:41:18:909 LFS/(16472:16495): Se va a hacer el dump
[INFO] 12:41:18:910 LFS/(16472:16495): Se termino el dump
[INFO] 12:41:21:911 LFS/(16472:16495): Se va a hacer el dump
[INFO] 12:41:21:911 LFS/(16472:16495): Se termino el dump
[INFO] 12:41:24:913 LFS/(16472:16495): Se va a hacer el dump
[INFO] 12:41:24:913 LFS/(16472:16495): Se termino el dump
[INFO] 12:41:27:914 LFS/(16472:16495): Se va a hacer el dump
[INFO] 12:41:27:915 LFS/(16472:16495): Se termino el dump
[INFO] 12:41:30:915 LFS/(16472:16495): Se va a hacer el dump
[INFO] 12:41:30:916 LFS/(16472:16495): Se termino el dump
[INFO] 12:41:33:916 LFS/(16472:16495): Se va a hacer el dump
[INFO] 12:41:33:917 LFS/(16472:16495): Se termino el dump
[INFO] 12:41:36:917 LFS/(16472:16495): Se va a hacer el dump
[INFO] 12:41:36:918 LFS/(16472:16495): Se termino el dump
[INFO] 12:41:39:919 LFS/(16472:16495): Se va a hacer el dump
[INFO] 12:41:39:920 LFS/(16472:16495): Se termino el dump
[INFO] 12:41:42:920 LFS/(16472:16495): Se va a hacer el dump
[INFO] 12:41:42:922 LFS/(16472:16495): Se termino el dump
[INFO] 12:41:45:922 LFS/(16472:16495): Se va a hacer el dump
[INFO] 12:41:45:922 LFS/(16472:16495): Se termino el dump
[INFO] 12:41:48:922 LFS/(16472:16495): Se va a hacer el dump
[INFO] 12:41:48:923 LFS/(16472:16495): Se termino el dump
[INFO] 12:41:51:923 LFS/(16472:16495): Se va a hacer el dump
[INFO] 12:41:51:924 LFS/(16472:16495): Se termino el dump
[INFO] 12:41:54:925 LFS/(16472:16495): Se va a hacer el dump
[INFO] 12:41:54:925 LFS/(16472:16495): Se termino el dump
[INFO] 12:41:57:925 LFS/(16472:16495): Se va a hacer el dump
[INFO] 12:41:57:925 LFS/(16472:16495): Se termino el dump
[INFO] 12:42:00:925 LFS/(16472:16495): Se va a hacer el dump
[INFO] 12:42:00:926 LFS/(16472:16495): Se termino el dump
[INFO] 12:42:03:926 LFS/(16472:16495): Se va a hacer el dump
[INFO] 12:42:03:926 LFS/(16472:16495): Se termino el dump
[INFO] 12:42:06:927 LFS/(16472:16495): Se va a hacer el dump
[INFO] 12:42:06:927 LFS/(16472:16495): Se termino el dump
[INFO] 12:42:09:928 LFS/(16472:16495): Se va a hacer el dump
[INFO] 12:45:23:811 LFS/(16667:16667): [Control existencia]: Se encuentra el directorio Bloques
[INFO] 12:45:23:811 LFS/(16667:16667): [Control existencia]: Se encuentra el directorio Tablas
[INFO] 12:45:23:811 LFS/(16667:16667): [Control existencia]: Se encuentra el directorio Metadata
[INFO] 12:45:26:826 LFS/(16667:16678): Se va a hacer el dump
[INFO] 12:45:26:826 LFS/(16667:16678): Se termino el dump
[INFO] 12:45:29:826 LFS/(16667:16678): Se va a hacer el dump
[INFO] 12:45:29:827 LFS/(16667:16678): Se termino el dump
[INFO] 12:45:32:827 LFS/(16667:16678): Se va a hacer el dump
[INFO] 12:45:32:828 LFS/(16667:16678): Se termino el dump
[INFO] 12:45:35:828 LFS/(16667:16678): Se va a hacer el dump
[INFO] 12:45:35:829 LFS/(16667:16678): Se termino el dump
[INFO] 12:45:38:829 LFS/(16667:16678): Se va a hacer el dump
[INFO] 12:45:38:830 LFS/(16667:16678): Se termino el dump
[INFO] 12:45:41:831 LFS/(16667:16678): Se va a hacer el dump
[INFO] 12:45:41:832 LFS/(16667:16678): Se termino el dump
[INFO] 12:46:07:194 LFS/(16730:16730): [Control existencia]: Se encuentra el directorio Bloques
[INFO] 12:46:07:194 LFS/(16730:16730): [Control existencia]: Se encuentra el directorio Tablas
[INFO] 12:46:07:194 LFS/(16730:16730): [Control existencia]: Se encuentra el directorio Metadata
[INFO] 12:46:10:335 LFS/(16730:16741): Se va a hacer el dump
[INFO] 12:46:10:337 LFS/(16730:16741): Se termino el dump
[INFO] 12:46:13:337 LFS/(16730:16741): Se va a hacer el dump
[INFO] 12:46:13:338 LFS/(16730:16741): Se termino el dump
[INFO] 12:46:16:339 LFS/(16730:16741): Se va a hacer el dump
[INFO] 12:46:16:339 LFS/(16730:16741): Se termino el dump
[INFO] 12:46:19:340 LFS/(16730:16741): Se va a hacer el dump
[INFO] 12:46:19:340 LFS/(16730:16741): Se termino el dump
[INFO] 12:46:22:340 LFS/(16730:16741): Se va a hacer el dump
[INFO] 12:46:22:343 LFS/(16730:16741): Se termino el dump
[INFO] 12:46:25:343 LFS/(16730:16741): Se va a hacer el dump
[INFO] 12:46:25:343 LFS/(16730:16741): Se termino el dump
[INFO] 12:46:28:343 LFS/(16730:16741): Se va a hacer el dump
[INFO] 12:46:28:343 LFS/(16730:16741): Se termino el dump
[INFO] 12:46:31:344 LFS/(16730:16741): Se va a hacer el dump
[INFO] 12:46:31:345 LFS/(16730:16741): Se termino el dump
[INFO] 12:46:34:345 LFS/(16730:16741): Se va a hacer el dump
[INFO] 12:46:34:347 LFS/(16730:16741): Se termino el dump
[INFO] 12:46:37:349 LFS/(16730:16741): Se va a hacer el dump
[INFO] 12:46:37:349 LFS/(16730:16741): Se termino el dump
[INFO] 12:46:40:349 LFS/(16730:16741): Se va a hacer el dump
[INFO] 12:46:40:350 LFS/(16730:16741): Se termino el dump
[INFO] 12:46:43:350 LFS/(16730:16741): Se va a hacer el dump
[INFO] 12:46:43:350 LFS/(16730:16741): Se termino el dump
[INFO] 12:46:46:350 LFS/(16730:16741): Se va a hacer el dump
[INFO] 12:46:46:350 LFS/(16730:16741): Se termino el dump
[INFO] 12:46:49:351 LFS/(16730:16741): Se va a hacer el dump
[INFO] 12:46:49:351 LFS/(16730:16741): Se termino el dump
[INFO] 12:46:52:351 LFS/(16730:16741): Se va a hacer el dump
[INFO] 12:46:52:351 LFS/(16730:16741): Se termino el dump
[INFO] 12:46:55:352 LFS/(16730:16741): Se va a hacer el dump
[INFO] 12:46:55:352 LFS/(16730:16741): Se termino el dump
[INFO] 12:46:58:354 LFS/(16730:16741): Se va a hacer el dump
[INFO] 12:46:58:354 LFS/(16730:16741): Se termino el dump
[INFO] 12:47:01:355 LFS/(16730:16741): Se va a hacer el dump
[INFO] 12:47:01:355 LFS/(16730:16741): Se termino el dump
[INFO] 12:47:04:355 LFS/(16730:16741): Se va a hacer el dump
[INFO] 12:47:04:357 LFS/(16730:16741): Se termino el dump
[INFO] 12:47:07:357 LFS/(16730:16741): Se va a hacer el dump
[INFO] 12:47:07:358 LFS/(16730:16741): Se termino el dump
[INFO] 12:47:10:362 LFS/(16730:16741): Se va a hacer el dump
[INFO] 12:47:10:362 LFS/(16730:16741): Se termino el dump
[INFO] 12:48:47:111 LFS/(16874:16874): [Control existencia]: Se encuentra el directorio Bloques
[INFO] 12:48:47:112 LFS/(16874:16874): [Control existencia]: Se encuentra el directorio Tablas
[INFO] 12:48:47:112 LFS/(16874:16874): [Control existencia]: Se encuentra el directorio Metadata
[INFO] 12:48:50:126 LFS/(16874:16886): Se va a hacer el dump
[INFO] 12:48:50:126 LFS/(16874:16886): Se termino el dump
[INFO] 12:48:53:126 LFS/(16874:16886): Se va a hacer el dump
[INFO] 12:48:53:127 LFS/(16874:16886): Se termino el dump
[INFO] 12:48:56:128 LFS/(16874:16886): Se va a hacer el dump
[INFO] 12:48:56:129 LFS/(16874:16886): Se termino el dump
[INFO] 12:48:59:129 LFS/(16874:16886): Se va a hacer el dump
[INFO] 12:48:59:129 LFS/(16874:16886): Se termino el dump
[INFO] 12:49:02:129 LFS/(16874:16886): Se va a hacer el dump
[INFO] 12:49:02:130 LFS/(16874:16886): Se termino el dump
[INFO] 12:49:02:140 LFS/(16874:16890): Se intento crear la tabla ya existente: TABLA1.

[INFO] 12:49:05:133 LFS/(16874:16886): Se va a hacer el dump
[INFO] 12:49:05:142 LFS/(16874:16886): Se termino el dump
[INFO] 12:49:08:143 LFS/(16874:16886): Se va a hacer el dump
[INFO] 12:49:08:144 LFS/(16874:16886): Se termino el dump
[INFO] 12:49:11:144 LFS/(16874:16886): Se va a hacer el dump
[INFO] 12:49:11:144 LFS/(16874:16886): Se termino el dump
[INFO] 12:49:14:145 LFS/(16874:16886): Se va a hacer el dump
[INFO] 12:49:14:145 LFS/(16874:16886): Se termino el dump
[INFO] 12:49:17:145 LFS/(16874:16886): Se va a hacer el dump
[INFO] 21:56:47:673 LFS/(7655:7655): [Control existencia]: Creacion del directorio Bloques
[INFO] 21:56:47:675 LFS/(7655:7655): [Control existencia]: Creacion del directorio Tablas
[INFO] 21:56:47:675 LFS/(7655:7655): [Control existencia]: Creacion del directorio Metadata
[INFO] 21:56:47:675 LFS/(7655:7655): [Control existencia]: Creacion del archivo Bitmap.bin
[INFO] 21:56:47:675 LFS/(7655:7655): [Control existencia]: Creacion del archivo Metadata.bin
[INFO] 21:58:04:945 LFS/(7655:7675): Se conecto una Memoria
[INFO] 21:58:05:426 LFS/(7655:7675): Se conecto una Memoria
[INFO] 21:58:05:945 LFS/(7655:7675): Se conecto una Memoria
[ERROR] 21:58:55:763 LFS/(7655:7718): Se recibio algo incorrecto de Memoria, se cierra la conexion.
[ERROR] 21:58:57:483 LFS/(7655:7710): Se recibio algo incorrecto de Memoria, se cierra la conexion.
[INFO] 22:12:05:486 LFS/(10342:10342): [Control existencia]: Creacion del directorio Bloques
[INFO] 22:12:05:487 LFS/(10342:10342): [Control existencia]: Creacion del directorio Tablas
[INFO] 22:12:05:487 LFS/(10342:10342): [Control existencia]: Creacion del directorio Metadata
[INFO] 22:12:05:487 LFS/(10342:10342): [Control existencia]: Creacion del archivo Bitmap.bin
[INFO] 22:12:05:487 LFS/(10342:10342): [Control existencia]: Creacion del archivo Metadata.bin
[INFO] 22:12:19:58 LFS/(10383:10383): [Control existencia]: Creacion del directorio Bloques
[INFO] 22:12:19:59 LFS/(10383:10383): [Control existencia]: Creacion del directorio Tablas
[INFO] 22:12:19:59 LFS/(10383:10383): [Control existencia]: Creacion del directorio Metadata
[INFO] 22:12:19:59 LFS/(10383:10383): [Control existencia]: Creacion del archivo Bitmap.bin
[INFO] 22:12:19:59 LFS/(10383:10383): [Control existencia]: Creacion del archivo Metadata.bin
[INFO] 22:12:35:84 LFS/(10383:10396): Se conecto una Memoria
[INFO] 22:18:29:599 LFS/(12068:12068): [Control existencia]: Creacion del directorio Bloques
[INFO] 22:18:29:599 LFS/(12068:12068): [Control existencia]: Creacion del directorio Tablas
[INFO] 22:18:29:599 LFS/(12068:12068): [Control existencia]: Creacion del directorio Metadata
[INFO] 22:18:29:599 LFS/(12068:12068): [Control existencia]: Creacion del archivo Bitmap.bin
[INFO] 22:18:29:599 LFS/(12068:12068): [Control existencia]: Creacion del archivo Metadata.bin
[INFO] 22:18:51:617 LFS/(12068:12090): Se conecto una Memoria
