[INFO] 21:17:36:982 memoria/(15965:15965): Caracteres value:58
[INFO] 21:17:36:983 memoria/(15965:15965): Se conecto el LFS.
[INFO] 21:17:36:986 memoria/(15965:15965): Cree mi memoria tamanio: 340.
[INFO] 21:17:36:986 memoria/(15965:15965): el tamanio de mi marco es: 68
[INFO] 21:17:36:989 memoria/(15965:15965): cantidad de marcos: 5
[INFO] 21:17:37:6 memoria/(15965:15984): Se va a empezar a hacer gossiping.
[INFO] 21:17:37:7 memoria/(15965:15984): Se termino el gossiping.
[INFO] 21:17:47:7 memoria/(15965:15984): Se va a empezar a hacer gossiping.
[INFO] 21:17:47:7 memoria/(15965:15984): Se termino el gossiping.
[INFO] 21:17:57:8 memoria/(15965:15984): Se va a empezar a hacer gossiping.
[INFO] 21:17:57:8 memoria/(15965:15984): Se termino el gossiping.
[INFO] 21:18:07:8 memoria/(15965:15984): Se va a empezar a hacer gossiping.
[INFO] 21:18:07:9 memoria/(15965:15984): Se termino el gossiping.
[INFO] 21:18:17:9 memoria/(15965:15984): Se va a empezar a hacer gossiping.
[INFO] 21:18:17:11 memoria/(15965:15984): Se termino el gossiping.
[INFO] 21:18:22:822 memoria/(15965:15981): Ejecutando SELECT
[INFO] 21:18:22:823 memoria/(15965:15981): Select de tabla: T - key: 1
[INFO] 21:18:22:823 memoria/(15965:15981): No se encontro el dato, mandando request a LFS
[INFO] 21:18:35:937 memoria/(15965:15984): Se va a empezar a hacer gossiping.
[INFO] 21:18:35:937 memoria/(15965:15984): Se termino el gossiping.
[INFO] 21:18:50:265 memoria/(15965:15984): Se va a empezar a hacer gossiping.
[INFO] 21:18:50:265 memoria/(15965:15984): Se termino el gossiping.
[INFO] 21:19:00:265 memoria/(15965:15984): Se va a empezar a hacer gossiping.
[INFO] 21:19:00:265 memoria/(15965:15984): Se termino el gossiping.
[INFO] 21:19:10:266 memoria/(15965:15984): Se va a empezar a hacer gossiping.
[INFO] 21:19:10:266 memoria/(15965:15984): Se termino el gossiping.
[INFO] 21:21:02:742 memoria/(16117:16117): Caracteres value:58
[INFO] 21:21:02:742 memoria/(16117:16117): Se conecto el LFS.
[INFO] 21:21:02:744 memoria/(16117:16117): Cree mi memoria tamanio: 340.
[INFO] 21:21:02:746 memoria/(16117:16117): el tamanio de mi marco es: 68
[INFO] 21:21:02:746 memoria/(16117:16117): cantidad de marcos: 5
[INFO] 21:21:02:774 memoria/(16117:16150): Se va a empezar a hacer gossiping.
[INFO] 21:21:02:774 memoria/(16117:16150): Se termino el gossiping.
[INFO] 21:21:12:775 memoria/(16117:16150): Se va a empezar a hacer gossiping.
[INFO] 21:21:12:775 memoria/(16117:16150): Se termino el gossiping.
[INFO] 21:21:22:775 memoria/(16117:16150): Se va a empezar a hacer gossiping.
[INFO] 21:21:22:776 memoria/(16117:16150): Se termino el gossiping.
[INFO] 21:21:32:777 memoria/(16117:16150): Se va a empezar a hacer gossiping.
[INFO] 21:21:32:778 memoria/(16117:16150): Se termino el gossiping.
[INFO] 21:21:42:778 memoria/(16117:16150): Se va a empezar a hacer gossiping.
[INFO] 21:21:42:778 memoria/(16117:16150): Se termino el gossiping.
[INFO] 21:21:49:956 memoria/(16117:16147): Ejecutando SELECT
[INFO] 21:21:49:956 memoria/(16117:16147): Select de tabla: T - key: 2
[INFO] 21:21:49:956 memoria/(16117:16147): No se encontro el dato, mandando request a LFS
[INFO] 21:21:56:176 memoria/(16117:16150): Se va a empezar a hacer gossiping.
[INFO] 21:21:56:176 memoria/(16117:16150): Se termino el gossiping.
[INFO] 21:24:05:730 memoria/(16117:16150): Se va a empezar a hacer gossiping.
[INFO] 21:24:05:730 memoria/(16117:16150): Se termino el gossiping.
[INFO] 21:24:18:528 memoria/(16117:16150): Se va a empezar a hacer gossiping.
[INFO] 21:24:18:528 memoria/(16117:16150): Se termino el gossiping.
[INFO] 21:25:23:381 memoria/(16117:16150): Se va a empezar a hacer gossiping.
[INFO] 21:25:23:382 memoria/(16117:16150): Se termino el gossiping.
[INFO] 21:25:41:243 memoria/(16117:16150): Se va a empezar a hacer gossiping.
[INFO] 21:25:41:243 memoria/(16117:16150): Se termino el gossiping.
[INFO] 21:25:53:795 memoria/(16117:16150): Se va a empezar a hacer gossiping.
[INFO] 21:25:53:795 memoria/(16117:16150): Se termino el gossiping.
[INFO] 21:26:18:34 memoria/(16117:16150): Se va a empezar a hacer gossiping.
[INFO] 21:26:18:34 memoria/(16117:16150): Se termino el gossiping.
[INFO] 15:42:45:599 memoria/(17500:17500): Caracteres value:60
[INFO] 15:42:45:599 memoria/(17500:17500): Se conecto el LFS.
[INFO] 15:42:45:601 memoria/(17500:17500): Cree mi memoria tamanio: 320.
[INFO] 15:42:45:603 memoria/(17500:17500): el tamanio de mi marco es: 70
[INFO] 15:42:45:606 memoria/(17500:17500): cantidad de marcos: 4
[INFO] 15:42:45:640 memoria/(17500:17530): Me estoy tratando de conectar a 127.0.0.1:4442
[INFO] 15:42:45:640 memoria/(17500:17530): Se va a empezar a hacer gossiping.
[INFO] 15:42:45:641 memoria/(17500:17530): Me estoy tratando de conectar a 127.0.0.1:4442
[INFO] 15:42:45:641 memoria/(17500:17530): Se termino el gossiping.
[INFO] 15:42:47:791 memoria/(17500:17526): Se conecto el Kernel.
[INFO] 15:42:55:641 memoria/(17500:17530): Se va a empezar a hacer gossiping.
[INFO] 15:42:55:641 memoria/(17500:17530): Me estoy tratando de conectar a 127.0.0.1:4442
[INFO] 15:42:55:641 memoria/(17500:17530): Se termino el gossiping.
[INFO] 15:42:57:791 memoria/(17500:17540): Se recibio la peticion de GOSSIPING del kernel.
[INFO] 15:42:58:910 memoria/(17500:17527): Ejecutando CREATE
[INFO] 15:42:58:910 memoria/(17500:17527): CREATE TABLA1 SC 2 200000
[INFO] 15:42:58:910 memoria/(17500:17527): Mandando CREATE al LFS
[INFO] 15:43:01:704 memoria/(17500:17525): El LFS pudo ejecutar la request
[INFO] 15:43:01:704 memoria/(17500:17525): Enviando el resultado al kernel
[INFO] 15:43:02:791 memoria/(17500:17527): Ejecutando DESCRIBE
[INFO] 15:43:02:791 memoria/(17500:17527): DESCRIBE  
[INFO] 15:43:02:791 memoria/(17500:17527): Enviando DESCRIBE al LFS
[INFO] 15:43:02:793 memoria/(17500:17525): Enviando la metadata al kernel
[INFO] 15:43:05:641 memoria/(17500:17530): Se va a empezar a hacer gossiping.
[INFO] 15:43:05:642 memoria/(17500:17530): Me estoy tratando de conectar a 127.0.0.1:4442
[INFO] 15:43:05:642 memoria/(17500:17530): Se termino el gossiping.
[INFO] 15:43:07:792 memoria/(17500:17540): Se recibio la peticion de GOSSIPING del kernel.
[INFO] 15:43:08:670 memoria/(17500:17527): Ejecutando SELECT
[INFO] 15:43:08:671 memoria/(17500:17527): Select de tabla: TABLA1 - key: 2
[INFO] 15:43:08:671 memoria/(17500:17527): No se encontro el dato, mandando request a LFS
[INFO] 15:43:17:93 memoria/(17500:17530): Se va a empezar a hacer gossiping.
[INFO] 15:43:17:93 memoria/(17500:17530): Me estoy tratando de conectar a 127.0.0.1:4442
[INFO] 15:43:17:93 memoria/(17500:17530): Se termino el gossiping.
