[INFO] 19:29:48:518 kernel/(3758:3768): ----METRICS----
[INFO] 19:29:48:518 kernel/(3758:3768): Read latency: ---
[INFO] 19:29:48:518 kernel/(3758:3768): Write latency: ---
[INFO] 19:29:48:518 kernel/(3758:3768): Reads: 0
[INFO] 19:29:48:518 kernel/(3758:3768): Writes: 0
[INFO] 19:29:48:518 kernel/(3758:3768): Operaciones totales: 0
[INFO] 19:29:58:519 kernel/(3758:3851): Se conecto la memoria 1
[INFO] 19:30:18:519 kernel/(3758:3768): ----METRICS----
[INFO] 19:30:18:519 kernel/(3758:3768): Read latency: ---
[INFO] 19:30:18:519 kernel/(3758:3768): Write latency: ---
[INFO] 19:30:18:519 kernel/(3758:3768): Reads: 0
[INFO] 19:30:18:519 kernel/(3758:3768): Writes: 0
[INFO] 19:30:18:519 kernel/(3758:3768): Operaciones totales: 0
[INFO] 19:30:18:519 kernel/(3758:3768): --Memoria 1-- 
Inserts Completos: 0 
Inserts Fallidos: 0 
Selects Completos: 0 
Selects Fallidos: 0 
Operaciones totales: 0
[INFO] 19:30:18:519 kernel/(3758:3851): Se recibio el gossiping de la memoria
[ERROR] 19:30:20:596 kernel/(3758:3851): Se desconecto la memoria 1.
[INFO] 22:24:24:124 kernel/(7691:7700): Se conecto la memoria 1
[INFO] 22:24:30:362 kernel/(7691:7707): Se agrego la memoria 1 al criterio SHC
[INFO] 22:24:34:904 kernel/(7691:7709): 1000: NEW->READY
[INFO] 22:24:34:904 kernel/(7691:7701): 1000: READY->EXEC
[INFO] 22:24:34:915 kernel/(7691:7710): Se agrego la tabla CELULARES a las metadatas
[INFO] 22:24:34:915 kernel/(7691:7710): Se agrego la metadata CELULARES SHC 4 600000
[INFO] 22:24:34:915 kernel/(7691:7710): CREATE CELULARES SHC 4 600000: Se pudo realizar. (Enviado a 1)
[INFO] 22:28:28:891 kernel/(7791:7803): Se conecto la memoria 1
[INFO] 22:28:32:295 kernel/(7791:7810): Se agrego la memoria 1 al criterio SHC
[INFO] 22:28:36:975 kernel/(7791:7812): 1000: NEW->READY
[INFO] 22:28:36:975 kernel/(7791:7804): 1000: READY->EXEC
[INFO] 22:28:36:990 kernel/(7791:7813): Se agrego la tabla CELULARES a las metadatas
[INFO] 22:28:36:990 kernel/(7791:7813): Se agrego la metadata CELULARES SHC 4 600000
[INFO] 22:28:36:990 kernel/(7791:7813): CREATE CELULARES SHC 4 600000: Se pudo realizar. (Enviado a 1)
[INFO] 15:45:17:633 kernel/(17733:17746): Se conecto la memoria 1
[INFO] 15:45:27:496 kernel/(17733:17755): 1000: NEW->READY
[INFO] 15:45:27:496 kernel/(17733:17747): 1000: READY->EXEC
[ERROR] 15:45:27:499 kernel/(17733:17756): No hay memorias conectadas para ejecutar la request 3.
[INFO] 15:45:27:502 kernel/(17733:17756): Termino de ejecutar exitosamente el script 1000
[INFO] 15:45:27:502 kernel/(17733:17756): 1000: EXEC->EXIT
[INFO] 15:45:27:655 kernel/(17733:17746): Se recibio el gossiping de la memoria
[INFO] 15:45:31:917 kernel/(17733:17753): Se agrego la memoria 1 al criterio SC
[INFO] 15:45:32:642 kernel/(17733:17749): Se actualizaron las metadatas.
[INFO] 15:45:33:252 kernel/(17733:17758): 1001: NEW->READY
[INFO] 15:45:33:252 kernel/(17733:17747): 1001: READY->EXEC
[INFO] 15:45:35:455 kernel/(17733:17759): Se actualizaron las metadatas.
[INFO] 15:45:35:455 kernel/(17733:17759): DESCRIBE: Se pudo realizar. (Enviado a 1)
[INFO] 15:45:35:455 kernel/(17733:17759): Termino de ejecutar exitosamente el script 1001
[INFO] 15:45:35:455 kernel/(17733:17759): 1001: EXEC->EXIT
[INFO] 15:45:37:656 kernel/(17733:17746): Se recibio el gossiping de la memoria
[INFO] 15:45:44:241 kernel/(17733:17769): 1002: NEW->READY
[INFO] 15:45:44:242 kernel/(17733:17747): 1002: READY->EXEC
[ERROR] 15:45:44:255 kernel/(17733:17746): Se desconecto la memoria 1.
[INFO] 15:46:29:164 kernel/(17810:17819): Se conecto la memoria 1
[INFO] 15:46:35:531 kernel/(17810:17827): Se agrego la memoria 1 al criterio SC
[INFO] 15:46:37:706 kernel/(17810:17831): 1000: NEW->READY
[INFO] 15:46:37:706 kernel/(17810:17821): 1000: READY->EXEC
[INFO] 15:46:37:719 kernel/(17810:17832): Se actualizaron las metadatas.
[INFO] 15:46:37:720 kernel/(17810:17832): DESCRIBE: Se pudo realizar. (Enviado a 1)
[INFO] 15:46:37:720 kernel/(17810:17832): Termino de ejecutar exitosamente el script 1000
[INFO] 15:46:37:720 kernel/(17810:17832): 1000: EXEC->EXIT
[INFO] 15:46:39:187 kernel/(17810:17819): Se recibio el gossiping de la memoria
[INFO] 15:46:43:93 kernel/(17810:17834): 1001: NEW->READY
[INFO] 15:46:43:93 kernel/(17810:17821): 1001: READY->EXEC
[INFO] 22:06:41:198 kernel/(5667:5695): Se conecto la memoria 3
[INFO] 22:06:45:544 kernel/(5667:5704): 1000: NEW->READY
[INFO] 22:06:45:545 kernel/(5667:5696): 1000: READY->EXEC
[ERROR] 22:06:46:556 kernel/(5667:5705): No hay memorias conectadas para ejecutar la request 3.
[INFO] 22:06:46:556 kernel/(5667:5705): Termino de ejecutar exitosamente el script 1000
[INFO] 22:06:46:556 kernel/(5667:5705): 1000: EXEC->EXIT
[INFO] 22:06:51:221 kernel/(5667:5695): Se recibio el gossiping de la memoria
[INFO] 22:07:01:221 kernel/(5667:5695): Se recibio el gossiping de la memoria
[INFO] 22:07:11:214 kernel/(5667:5700): ----METRICS----
[INFO] 22:07:11:214 kernel/(5667:5700): Read latency: ---
[INFO] 22:07:11:214 kernel/(5667:5700): Write latency: ---
[INFO] 22:07:11:214 kernel/(5667:5700): Reads: 0
[INFO] 22:07:11:214 kernel/(5667:5700): Writes: 0
[INFO] 22:07:11:214 kernel/(5667:5700): Operaciones totales: 1
[INFO] 22:07:11:214 kernel/(5667:5700): --Memoria 3-- 
Inserts Completos: 0 
Inserts Fallidos: 0 
Selects Completos: 0 
Selects Fallidos: 0 
Operaciones totales: 0
[INFO] 22:07:11:222 kernel/(5667:5695): Se recibio el gossiping de la memoria
[INFO] 22:07:21:223 kernel/(5667:5695): Se recibio el gossiping de la memoria
[INFO] 22:07:31:223 kernel/(5667:5695): Se recibio el gossiping de la memoria
[INFO] 22:07:41:215 kernel/(5667:5700): ----METRICS----
[INFO] 22:07:41:215 kernel/(5667:5700): Read latency: ---
[INFO] 22:07:41:215 kernel/(5667:5700): Write latency: ---
[INFO] 22:07:41:215 kernel/(5667:5700): Reads: 0
[INFO] 22:07:41:215 kernel/(5667:5700): Writes: 0
[INFO] 22:07:41:215 kernel/(5667:5700): Operaciones totales: 1
[INFO] 22:07:41:215 kernel/(5667:5700): --Memoria 3-- 
Inserts Completos: 0 
Inserts Fallidos: 0 
Selects Completos: 0 
Selects Fallidos: 0 
Operaciones totales: 0
[INFO] 22:07:41:223 kernel/(5667:5695): Se recibio el gossiping de la memoria
[INFO] 22:07:51:224 kernel/(5667:5695): Se recibio el gossiping de la memoria
[INFO] 22:08:01:223 kernel/(5667:5695): Se recibio el gossiping de la memoria
[INFO] 22:08:03:165 kernel/(5667:5702): Se agrego la memoria 3 al criterio SC
[INFO] 22:08:11:215 kernel/(5667:5698): Se actualizaron las metadatas.
[INFO] 22:08:11:215 kernel/(5667:5700): ----METRICS----
[INFO] 22:08:11:215 kernel/(5667:5700): Read latency: ---
[INFO] 22:08:11:220 kernel/(5667:5700): Write latency: ---
[INFO] 22:08:11:220 kernel/(5667:5700): Reads: 0
[INFO] 22:08:11:220 kernel/(5667:5700): Writes: 0
[INFO] 22:08:11:220 kernel/(5667:5700): Operaciones totales: 1
[INFO] 22:08:11:220 kernel/(5667:5700): --Memoria 3-- 
Inserts Completos: 0 
Inserts Fallidos: 0 
Selects Completos: 0 
Selects Fallidos: 0 
Operaciones totales: 0
[INFO] 22:08:11:227 kernel/(5667:5695): Se recibio el gossiping de la memoria
[INFO] 22:08:21:228 kernel/(5667:5695): Se recibio el gossiping de la memoria
[INFO] 22:08:26:218 kernel/(5667:5698): Se actualizaron las metadatas.
[INFO] 22:08:31:229 kernel/(5667:5695): Se recibio el gossiping de la memoria
[INFO] 22:08:32:5 kernel/(5667:5728): 1001: NEW->READY
[INFO] 22:08:32:6 kernel/(5667:5696): 1001: READY->EXEC
[ERROR] 22:08:41:468 kernel/(5667:5729): DESCRIBE COLORES: No se pudo realizar. (Enviado a 3)
[ERROR] 22:08:41:468 kernel/(5667:5729): Hubo un error en la ejecucion del script 1001
[INFO] 22:08:41:468 kernel/(5667:5729): 1001: EXEC->EXIT
[INFO] 22:08:41:468 kernel/(5667:5700): ----METRICS----
[INFO] 22:08:41:468 kernel/(5667:5700): Read latency: ---
[INFO] 22:08:41:468 kernel/(5667:5700): Write latency: ---
[INFO] 22:08:41:468 kernel/(5667:5700): Reads: 0
[INFO] 22:08:41:468 kernel/(5667:5700): Writes: 0
[INFO] 22:08:41:468 kernel/(5667:5700): Operaciones totales: 2
[INFO] 22:08:41:468 kernel/(5667:5700): --Memoria 3-- 
Inserts Completos: 0 
Inserts Fallidos: 0 
Selects Completos: 0 
Selects Fallidos: 0 
Operaciones totales: 1
[INFO] 22:08:41:468 kernel/(5667:5695): Se recibio el gossiping de la memoria
[INFO] 22:08:41:472 kernel/(5667:5698): Se actualizaron las metadatas.
[INFO] 22:08:51:469 kernel/(5667:5695): Se recibio el gossiping de la memoria
[INFO] 22:08:56:473 kernel/(5667:5698): Se actualizaron las metadatas.
[INFO] 22:09:01:469 kernel/(5667:5695): Se recibio el gossiping de la memoria
[INFO] 22:09:09:794 kernel/(5667:5774): 1002: NEW->READY
[INFO] 22:09:09:794 kernel/(5667:5696): 1002: READY->EXEC
[INFO] 22:09:10:798 kernel/(5667:5775): Se agrego la tabla COLORES a las metadatas
[INFO] 22:09:10:798 kernel/(5667:5775): Se agrego la metadata COLORES SC 2 35000
[INFO] 22:09:10:799 kernel/(5667:5775): CREATE COLORES SC 2 35000: Se pudo realizar. (Enviado a 3)
[INFO] 22:09:10:799 kernel/(5667:5775): Termino de ejecutar exitosamente el script 1002
[INFO] 22:09:10:799 kernel/(5667:5775): 1002: EXEC->EXIT
[INFO] 22:09:11:468 kernel/(5667:5700): ----METRICS----
[INFO] 22:09:11:468 kernel/(5667:5700): Read latency: ---
[INFO] 22:09:11:468 kernel/(5667:5700): Write latency: ---
[INFO] 22:09:11:468 kernel/(5667:5700): Reads: 0
[INFO] 22:09:11:468 kernel/(5667:5700): Writes: 0
[INFO] 22:09:11:468 kernel/(5667:5700): Operaciones totales: 3
[INFO] 22:09:11:468 kernel/(5667:5700): --Memoria 3-- 
Inserts Completos: 0 
Inserts Fallidos: 0 
Selects Completos: 0 
Selects Fallidos: 0 
Operaciones totales: 2
[INFO] 22:09:11:469 kernel/(5667:5695): Se recibio el gossiping de la memoria
[INFO] 22:09:11:478 kernel/(5667:5698): Se actualizaron las metadatas.
[INFO] 22:09:14:659 kernel/(5667:5782): 1003: NEW->READY
[INFO] 22:09:14:659 kernel/(5667:5696): 1003: READY->EXEC
[INFO] 22:09:23:151 kernel/(5667:5695): Se recibio el gossiping de la memoria
[INFO] 22:10:18:25 kernel/(5911:5920): Se conecto la memoria 3
[INFO] 22:10:20:960 kernel/(5911:5927): Se agrego la memoria 3 al criterio SC
[INFO] 22:10:24:576 kernel/(5911:5935): 1000: NEW->READY
[INFO] 22:10:24:576 kernel/(5911:5921): 1000: READY->EXEC
[ERROR] 22:10:25:584 kernel/(5911:5936): CREATE COLORES SC 2 35000: No se pudo realizar. (Enviado a 3)
[ERROR] 22:10:25:584 kernel/(5911:5936): Hubo un error en la ejecucion del script 1000
[INFO] 22:10:25:584 kernel/(5911:5936): 1000: EXEC->EXIT
[INFO] 22:10:28:52 kernel/(5911:5920): Se recibio el gossiping de la memoria
[INFO] 22:10:33:39 kernel/(5911:5923): Se actualizaron las metadatas.
[INFO] 22:10:36:332 kernel/(5911:5940): 1001: NEW->READY
[INFO] 22:10:36:332 kernel/(5911:5921): 1001: READY->EXEC
