[INFO] 17:04:56:373 LFS/(5637:5637): [Control existencia]: Se encuentra el directorio Bloques
[INFO] 17:04:56:373 LFS/(5637:5637): [Control existencia]: Se encuentra el directorio Tablas
[INFO] 17:04:56:373 LFS/(5637:5637): [Control existencia]: Se encuentra el directorio Metadata
[INFO] 17:05:11:491 LFS/(5678:5678): [Control existencia]: Se encuentra el directorio Bloques
[INFO] 17:05:11:492 LFS/(5678:5678): [Control existencia]: Se encuentra el directorio Tablas
[INFO] 17:05:11:492 LFS/(5678:5678): [Control existencia]: Se encuentra el directorio Metadata
[INFO] 17:06:50:941 LFS/(5895:5895): [Control existencia]: Se encuentra el directorio Bloques
[INFO] 17:06:50:941 LFS/(5895:5895): [Control existencia]: Se encuentra el directorio Tablas
[INFO] 17:06:50:942 LFS/(5895:5895): [Control existencia]: Se encuentra el directorio Metadata
[INFO] 18:13:48:143 LFS/(7541:7541): [Control existencia]: Se encuentra el directorio Bloques
[INFO] 18:13:48:143 LFS/(7541:7541): [Control existencia]: Se encuentra el directorio Tablas
[INFO] 18:13:48:143 LFS/(7541:7541): [Control existencia]: Se encuentra el directorio Metadata
[INFO] 18:14:22:84 LFS/(7541:7541): INICIO SELECT STUDY 1
[INFO] 18:14:22:85 LFS/(7541:7541): SELECT STUDY 1 = consultancy

[INFO] 18:15:40:265 LFS/(7628:7628): [Control existencia]: Se encuentra el directorio Bloques
[INFO] 18:15:40:265 LFS/(7628:7628): [Control existencia]: Se encuentra el directorio Tablas
[INFO] 18:15:40:265 LFS/(7628:7628): [Control existencia]: Se encuentra el directorio Metadata
[INFO] 18:15:45:402 LFS/(7628:7628): INICIO SELECT STUDY 1
[INFO] 18:17:07:646 LFS/(7689:7689): [Control existencia]: Se encuentra el directorio Bloques
[INFO] 18:17:07:647 LFS/(7689:7689): [Control existencia]: Se encuentra el directorio Tablas
[INFO] 18:17:07:647 LFS/(7689:7689): [Control existencia]: Se encuentra el directorio Metadata
[INFO] 18:17:13:657 LFS/(7689:7689): INICIO SELECT STUDY 1
[INFO] 18:17:13:658 LFS/(7689:7689): SELECT STUDY 1 = consultancy

[INFO] 18:18:55:546 LFS/(7781:7781): [Control existencia]: Se encuentra el directorio Bloques
[INFO] 18:18:55:546 LFS/(7781:7781): [Control existencia]: Se encuentra el directorio Tablas
[INFO] 18:18:55:546 LFS/(7781:7781): [Control existencia]: Se encuentra el directorio Metadata
[INFO] 18:19:06:521 LFS/(7781:7781): INICIO SELECT STUDY 1
[INFO] 18:19:06:521 LFS/(7781:7781): SELECT STUDY 1 = consultancy

[INFO] 18:19:06:522 LFS/(7781:7781): INICIO SELECT STUDY 2
[INFO] 18:19:06:523 LFS/(7781:7781): SELECT STUDY 2 = assessment

[INFO] 18:19:06:523 LFS/(7781:7781): INICIO SELECT STUDY 4
[INFO] 18:19:06:524 LFS/(7781:7781): SELECT STUDY 4 = subject field

[INFO] 18:19:06:524 LFS/(7781:7781): INICIO SELECT STUDY 5
[INFO] 18:19:06:526 LFS/(7781:7781): SELECT STUDY 5 = determine

[INFO] 18:19:06:527 LFS/(7781:7781): INICIO SELECT STUDY 6
[INFO] 18:19:06:527 LFS/(7781:7781): SELECT STUDY 6 = document

[INFO] 18:19:06:528 LFS/(7781:7781): INICIO SELECT STUDY 7
[INFO] 18:19:06:529 LFS/(7781:7781): SELECT STUDY 7 = assessment

[INFO] 18:19:06:529 LFS/(7781:7781): INICIO SELECT STUDY 8
[INFO] 18:19:06:529 LFS/(7781:7781): SELECT STUDY 8 = surveys

[INFO] 18:19:06:530 LFS/(7781:7781): INICIO SELECT STUDY 9
[INFO] 18:19:06:531 LFS/(7781:7781): SELECT STUDY 9 = sketch

[INFO] 18:19:06:531 LFS/(7781:7781): INICIO SELECT STUDY 10
[INFO] 18:19:06:532 LFS/(7781:7781): SELECT STUDY 10 = overview

[INFO] 18:19:06:533 LFS/(7781:7781): INICIO SELECT STUDY 11
[INFO] 18:19:06:533 LFS/(7781:7781): SELECT STUDY 11 = report

[INFO] 18:19:06:534 LFS/(7781:7781): INICIO SELECT STUDY 12
[INFO] 18:19:06:535 LFS/(7781:7781): SELECT STUDY 12 = monitor

[INFO] 18:19:06:535 LFS/(7781:7781): INICIO SELECT STUDY 13
[INFO] 18:19:06:535 LFS/(7781:7781): SELECT STUDY 13 = subject

[INFO] 18:19:06:536 LFS/(7781:7781): INICIO SELECT STUDY 14
[INFO] 18:19:06:537 LFS/(7781:7781): SELECT STUDY 14 = exam

[INFO] 18:19:06:537 LFS/(7781:7781): INICIO SELECT STUDY 15
[INFO] 18:19:06:538 LFS/(7781:7781): SELECT STUDY 15 = experiment

[INFO] 18:19:06:539 LFS/(7781:7781): INICIO SELECT STUDY 16
[INFO] 18:19:06:539 LFS/(7781:7781): SELECT STUDY 16 = poll

[INFO] 18:19:06:539 LFS/(7781:7781): INICIO SELECT STUDY 17
[INFO] 18:19:06:540 LFS/(7781:7781): SELECT STUDY 17 = audit

[INFO] 18:19:06:541 LFS/(7781:7781): INICIO SELECT STUDY 19
[INFO] 18:19:06:541 LFS/(7781:7781): SELECT STUDY 19 = research

[INFO] 18:19:06:542 LFS/(7781:7781): INICIO SELECT STUDY 20
[INFO] 18:19:06:542 LFS/(7781:7781): SELECT STUDY 20 = surveyed

[INFO] 18:19:06:543 LFS/(7781:7781): INICIO SELECT STUDY 21
[INFO] 18:19:06:544 LFS/(7781:7781): SELECT STUDY 21 = data

[INFO] 18:19:06:544 LFS/(7781:7781): INICIO SELECT STUDY 22
[INFO] 18:19:06:544 LFS/(7781:7781): SELECT STUDY 22 = case

[INFO] 18:19:06:545 LFS/(7781:7781): INICIO SELECT STUDY 23
[INFO] 18:19:06:546 LFS/(7781:7781): SELECT STUDY 23 = investigated

[INFO] 18:19:06:546 LFS/(7781:7781): INICIO SELECT STUDY 24
[INFO] 18:19:06:547 LFS/(7781:7781): SELECT STUDY 24 = mapping

[INFO] 18:19:06:547 LFS/(7781:7781): INICIO SELECT STUDY 25
[INFO] 18:19:06:548 LFS/(7781:7781): SELECT STUDY 25 = assessment

[INFO] 18:19:06:549 LFS/(7781:7781): INICIO SELECT STUDY 26
[INFO] 18:19:06:549 LFS/(7781:7781): SELECT STUDY 26 = schooling

[INFO] 18:19:06:549 LFS/(7781:7781): INICIO SELECT STUDY 27
[INFO] 18:19:06:551 LFS/(7781:7781): SELECT STUDY 27 = reviews

[INFO] 18:19:06:551 LFS/(7781:7781): INICIO SELECT STUDY 28
[INFO] 18:19:06:552 LFS/(7781:7781): SELECT STUDY 28 = findings

[INFO] 18:19:06:552 LFS/(7781:7781): INICIO SELECT STUDY 29
[INFO] 18:19:06:553 LFS/(7781:7781): SELECT STUDY 29 = surveyed

[INFO] 18:19:06:553 LFS/(7781:7781): INICIO SELECT STUDY 30
[INFO] 18:19:06:554 LFS/(7781:7781): SELECT STUDY 30 = essay

[INFO] 18:19:06:554 LFS/(7781:7781): INICIO SELECT STUDY 31
[INFO] 18:19:06:555 LFS/(7781:7781): SELECT STUDY 31 = branch of knowled
[INFO] 18:19:06:556 LFS/(7781:7781): INICIO SELECT STUDY 33
[INFO] 18:19:06:556 LFS/(7781:7781): SELECT STUDY 33 = consider

[INFO] 18:19:06:556 LFS/(7781:7781): INICIO SELECT STUDY 34
[INFO] 18:19:06:557 LFS/(7781:7781): SELECT STUDY 34 = surveys

[INFO] 18:19:06:558 LFS/(7781:7781): INICIO SELECT STUDY 35
[INFO] 18:19:06:558 LFS/(7781:7781): SELECT STUDY 35 = essay

[INFO] 18:19:06:559 LFS/(7781:7781): INICIO SELECT STUDY 37
[INFO] 18:19:06:560 LFS/(7781:7781): SELECT STUDY 37 = learn

[INFO] 18:19:06:560 LFS/(7781:7781): INICIO SELECT STUDY 39
[INFO] 18:19:06:561 LFS/(7781:7781): SELECT STUDY 39 = subject

[INFO] 18:19:06:561 LFS/(7781:7781): INICIO SELECT STUDY 40
[INFO] 18:19:06:561 LFS/(7781:7781): SELECT STUDY 40 = surveys

[INFO] 18:19:06:562 LFS/(7781:7781): INICIO SELECT STUDY 41
[INFO] 18:19:06:563 LFS/(7781:7781): SELECT STUDY 41 = read

[INFO] 18:19:06:563 LFS/(7781:7781): INICIO SELECT STUDY 42
[INFO] 18:19:06:564 LFS/(7781:7781): SELECT STUDY 42 = overview

[INFO] 18:19:06:564 LFS/(7781:7781): INICIO SELECT STUDY 43
[INFO] 18:19:06:565 LFS/(7781:7781): SELECT STUDY 43 = take

[INFO] 18:19:06:565 LFS/(7781:7781): INICIO SELECT STUDY 45
[INFO] 18:19:06:566 LFS/(7781:7781): SELECT STUDY 45 = overview

[INFO] 18:19:06:566 LFS/(7781:7781): INICIO SELECT STUDY 46
[INFO] 18:19:06:567 LFS/(7781:7781): SELECT STUDY 46 = analyzing

[INFO] 18:19:06:567 LFS/(7781:7781): INICIO SELECT STUDY 47
[INFO] 18:19:06:568 LFS/(7781:7781): SELECT STUDY 47 = examining

[INFO] 18:19:06:569 LFS/(7781:7781): INICIO SELECT STUDY 48
[INFO] 18:19:06:569 LFS/(7781:7781): SELECT STUDY 48 = work

[INFO] 18:19:06:569 LFS/(7781:7781): INICIO SELECT STUDY 49
[INFO] 18:19:06:570 LFS/(7781:7781): SELECT STUDY 49 = mapping

[INFO] 18:19:06:571 LFS/(7781:7781): INICIO SELECT STUDY 50
[INFO] 18:19:06:572 LFS/(7781:7781): SELECT STUDY 50 = students

[INFO] 18:19:06:572 LFS/(7781:7781): INICIO SELECT STUDY 51
[INFO] 18:19:06:572 LFS/(7781:7781): SELECT STUDY 51 = screening

[INFO] 18:19:06:573 LFS/(7781:7781): INICIO SELECT STUDY 52
[INFO] 18:19:06:574 LFS/(7781:7781): SELECT STUDY 52 = pilot

[INFO] 18:19:06:574 LFS/(7781:7781): INICIO SELECT STUDY 53
[INFO] 18:19:06:575 LFS/(7781:7781): SELECT STUDY 53 = researchers

[INFO] 18:19:06:576 LFS/(7781:7781): INICIO SELECT STUDY 54
[INFO] 18:19:06:576 LFS/(7781:7781): SELECT STUDY 54 = examined

[INFO] 18:19:06:576 LFS/(7781:7781): INICIO SELECT STUDY 55
[INFO] 18:19:06:578 LFS/(7781:7781): SELECT STUDY 55 = trials

[INFO] 18:19:06:578 LFS/(7781:7781): INICIO SELECT STUDY 57
[INFO] 18:19:06:579 LFS/(7781:7781): SELECT STUDY 57 = investigate

[INFO] 18:19:06:579 LFS/(7781:7781): INICIO SELECT STUDY 58
[INFO] 18:19:06:580 LFS/(7781:7781): SELECT STUDY 58 = reviews

[INFO] 18:19:06:580 LFS/(7781:7781): INICIO SELECT STUDY 59
[INFO] 18:19:06:581 LFS/(7781:7781): SELECT STUDY 59 = case

[INFO] 18:19:06:582 LFS/(7781:7781): INICIO SELECT STUDY 60
[INFO] 18:19:06:582 LFS/(7781:7781): SELECT STUDY 60 = pilot

[INFO] 18:19:06:582 LFS/(7781:7781): INICIO SELECT STUDY 63
[INFO] 18:19:06:583 LFS/(7781:7781): SELECT STUDY 63 = poll

[INFO] 18:19:06:583 LFS/(7781:7781): INICIO SELECT STUDY 64
[INFO] 18:19:06:584 LFS/(7781:7781): SELECT STUDY 64 = experimental

[INFO] 18:19:06:585 LFS/(7781:7781): INICIO SELECT STUDY 65
[INFO] 18:19:06:585 LFS/(7781:7781): SELECT STUDY 65 = audit

[INFO] 18:19:06:585 LFS/(7781:7781): INICIO SELECT STUDY 66
[INFO] 18:19:06:586 LFS/(7781:7781): SELECT STUDY 66 = placebo

[INFO] 18:19:06:587 LFS/(7781:7781): INICIO SELECT STUDY 67
[INFO] 18:19:06:588 LFS/(7781:7781): SELECT STUDY 67 = learn

[INFO] 18:19:06:588 LFS/(7781:7781): INICIO SELECT STUDY 68
[INFO] 18:19:06:588 LFS/(7781:7781): SELECT STUDY 68 = meditate

[INFO] 18:19:06:589 LFS/(7781:7781): INICIO SELECT STUDY 69
[INFO] 18:19:06:590 LFS/(7781:7781): SELECT STUDY 69 = exam

[INFO] 18:19:06:590 LFS/(7781:7781): INICIO SELECT STUDY 70
[INFO] 18:19:06:591 LFS/(7781:7781): SELECT STUDY 70 = reviews

[INFO] 18:19:06:592 LFS/(7781:7781): INICIO SELECT STUDY 71
[INFO] 18:19:06:592 LFS/(7781:7781): SELECT STUDY 71 = investigations

[INFO] 18:19:06:592 LFS/(7781:7781): INICIO SELECT STUDY 74
[INFO] 18:19:06:593 LFS/(7781:7781): SELECT STUDY 74 = paper

[INFO] 18:19:06:593 LFS/(7781:7781): INICIO SELECT STUDY 75
[INFO] 18:19:06:596 LFS/(7781:7781): SELECT STUDY 75 = report

[INFO] 18:19:06:596 LFS/(7781:7781): INICIO SELECT STUDY 76
[INFO] 18:19:06:596 LFS/(7781:7781): SELECT STUDY 76 = evaluation

[INFO] 18:19:06:598 LFS/(7781:7781): INICIO SELECT STUDY 77
[INFO] 18:19:06:598 LFS/(7781:7781): SELECT STUDY 77 = reviewed

[INFO] 18:19:06:598 LFS/(7781:7781): INICIO SELECT STUDY 80
[INFO] 18:19:06:599 LFS/(7781:7781): SELECT STUDY 80 = essay

[INFO] 18:19:06:599 LFS/(7781:7781): INICIO SELECT STUDY 81
[INFO] 18:19:06:600 LFS/(7781:7781): SELECT STUDY 81 = placebo

[INFO] 18:19:06:600 LFS/(7781:7781): INICIO SELECT STUDY 82
[INFO] 18:19:06:601 LFS/(7781:7781): SELECT STUDY 82 = curriculum

[INFO] 18:19:06:601 LFS/(7781:7781): INICIO SELECT STUDY 83
[INFO] 18:19:06:602 LFS/(7781:7781): SELECT STUDY 83 = analysing

[INFO] 18:19:06:602 LFS/(7781:7781): INICIO SELECT STUDY 84
[INFO] 18:19:06:605 LFS/(7781:7781): SELECT STUDY 84 = analyzing

[INFO] 18:19:06:606 LFS/(7781:7781): INICIO SELECT STUDY 85
[INFO] 18:19:06:609 LFS/(7781:7781): SELECT STUDY 85 = field of study

[INFO] 18:19:06:609 LFS/(7781:7781): INICIO SELECT STUDY 86
[INFO] 18:19:06:610 LFS/(7781:7781): SELECT STUDY 86 = schooling

[INFO] 18:19:06:610 LFS/(7781:7781): INICIO SELECT STUDY 87
[INFO] 18:19:06:611 LFS/(7781:7781): SELECT STUDY 87 = reviewed

[INFO] 18:19:06:613 LFS/(7781:7781): INICIO SELECT STUDY 89
[INFO] 18:19:06:614 LFS/(7781:7781): SELECT STUDY 89 = investigates

[INFO] 18:19:06:614 LFS/(7781:7781): INICIO SELECT STUDY 90
[INFO] 18:19:06:615 LFS/(7781:7781): SELECT STUDY 90 = essay

[INFO] 18:19:06:615 LFS/(7781:7781): INICIO SELECT STUDY 91
[INFO] 18:19:06:616 LFS/(7781:7781): SELECT STUDY 91 = determine

[INFO] 18:19:06:617 LFS/(7781:7781): INICIO SELECT STUDY 92
[INFO] 18:19:06:617 LFS/(7781:7781): SELECT STUDY 92 = researches

[INFO] 18:19:06:617 LFS/(7781:7781): INICIO SELECT STUDY 93
[INFO] 18:19:06:619 LFS/(7781:7781): SELECT STUDY 93 = evaluate

[INFO] 18:19:06:619 LFS/(7781:7781): INICIO SELECT STUDY 94
[INFO] 18:19:06:620 LFS/(7781:7781): SELECT STUDY 94 = essay

[INFO] 18:19:06:622 LFS/(7781:7781): INICIO SELECT STUDY 95
[INFO] 18:19:06:622 LFS/(7781:7781): SELECT STUDY 95 = consider

[INFO] 18:19:06:623 LFS/(7781:7781): INICIO SELECT STUDY 96
[INFO] 18:19:06:623 LFS/(7781:7781): SELECT STUDY 96 = sample

[INFO] 18:19:06:623 LFS/(7781:7781): INICIO SELECT STUDY 97
[INFO] 18:19:06:624 LFS/(7781:7781): SELECT STUDY 97 = cohort

[INFO] 18:19:06:625 LFS/(7781:7781): INICIO SELECT STUDY 98
[INFO] 18:19:06:626 LFS/(7781:7781): SELECT STUDY 98 = work

[INFO] 18:19:06:626 LFS/(7781:7781): INICIO SELECT STUDY 99
[INFO] 18:19:06:628 LFS/(7781:7781): SELECT STUDY 99 = trial

[INFO] 18:19:06:629 LFS/(7781:7781): INICIO SELECT STUDY 100
[INFO] 18:19:06:629 LFS/(7781:7781): SELECT STUDY 100 = discussion

[INFO] 18:19:06:629 LFS/(7781:7781): INICIO SELECT STUDY 101
[INFO] 18:19:06:630 LFS/(7781:7781): SELECT STUDY 101 = discussion

[INFO] 18:19:06:630 LFS/(7781:7781): INICIO SELECT STUDY 102
[INFO] 18:19:06:630 LFS/(7781:7781): SELECT STUDY 102 = field

[INFO] 18:19:06:631 LFS/(7781:7781): INICIO SELECT STUDY 103
[INFO] 18:19:06:631 LFS/(7781:7781): SELECT STUDY 103 = students

[INFO] 18:19:06:632 LFS/(7781:7781): INICIO SELECT STUDY 104
[INFO] 18:19:06:632 LFS/(7781:7781): SELECT STUDY 104 = field of study

[INFO] 18:19:06:632 LFS/(7781:7781): INICIO SELECT STUDY 105
[INFO] 18:19:06:633 LFS/(7781:7781): SELECT STUDY 105 = subject field

[INFO] 18:19:06:634 LFS/(7781:7781): INICIO SELECT STUDY 106
[INFO] 18:19:06:636 LFS/(7781:7781): SELECT STUDY 106 = research

[INFO] 18:19:06:636 LFS/(7781:7781): INICIO SELECT STUDY 107
[INFO] 18:19:06:637 LFS/(7781:7781): SELECT STUDY 107 = surveys

[INFO] 18:19:06:637 LFS/(7781:7781): INICIO SELECT STUDY 108
[INFO] 18:19:06:637 LFS/(7781:7781): SELECT STUDY 108 = reviews

[INFO] 18:19:06:638 LFS/(7781:7781): INICIO SELECT STUDY 109
[INFO] 18:19:06:639 LFS/(7781:7781): SELECT STUDY 109 = mapping

[INFO] 18:19:06:639 LFS/(7781:7781): INICIO SELECT STUDY 110
[INFO] 18:19:06:640 LFS/(7781:7781): SELECT STUDY 110 = screening

[INFO] 18:19:06:640 LFS/(7781:7781): INICIO SELECT STUDY 111
[INFO] 18:19:06:641 LFS/(7781:7781): SELECT STUDY 111 = data

[INFO] 18:19:06:641 LFS/(7781:7781): INICIO SELECT STUDY 112
[INFO] 18:19:06:642 LFS/(7781:7781): SELECT STUDY 112 = analysis

[INFO] 18:19:06:642 LFS/(7781:7781): INICIO SELECT STUDY 113
[INFO] 18:19:06:644 LFS/(7781:7781): SELECT STUDY 113 = reviewing

[INFO] 18:19:06:644 LFS/(7781:7781): INICIO SELECT STUDY 114
[INFO] 18:19:06:645 LFS/(7781:7781): SELECT STUDY 114 = surveying

[INFO] 18:19:06:645 LFS/(7781:7781): INICIO SELECT STUDY 115
[INFO] 18:19:06:645 LFS/(7781:7781): SELECT STUDY 115 = screening

[INFO] 18:19:06:645 LFS/(7781:7781): INICIO SELECT STUDY 116
[INFO] 18:19:06:646 LFS/(7781:7781): SELECT STUDY 116 = branch of knowle
[INFO] 18:19:06:648 LFS/(7781:7781): INICIO SELECT STUDY 117
[INFO] 18:19:06:649 LFS/(7781:7781): SELECT STUDY 117 = researching

[INFO] 18:19:06:649 LFS/(7781:7781): INICIO SELECT STUDY 118
[INFO] 18:19:06:650 LFS/(7781:7781): SELECT STUDY 118 = essay

[INFO] 18:19:06:651 LFS/(7781:7781): INICIO SELECT STUDY 119
[INFO] 18:19:06:651 LFS/(7781:7781): SELECT STUDY 119 = mapping

[INFO] 18:19:06:651 LFS/(7781:7781): INICIO SELECT STUDY 120
[INFO] 18:19:06:652 LFS/(7781:7781): SELECT STUDY 120 = work

[INFO] 18:19:06:652 LFS/(7781:7781): INICIO SELECT STUDY 121
[INFO] 18:19:06:653 LFS/(7781:7781): SELECT STUDY 121 = analysing

[INFO] 18:19:06:653 LFS/(7781:7781): INICIO SELECT STUDY 122
[INFO] 18:19:06:654 LFS/(7781:7781): SELECT STUDY 122 = examine

[INFO] 18:19:06:655 LFS/(7781:7781): INICIO SELECT STUDY 123
[INFO] 18:19:06:656 LFS/(7781:7781): SELECT STUDY 123 = explored

[INFO] 18:19:06:656 LFS/(7781:7781): INICIO SELECT STUDY 124
[INFO] 18:19:06:656 LFS/(7781:7781): SELECT STUDY 124 = take

[INFO] 18:19:06:657 LFS/(7781:7781): INICIO SELECT STUDY 125
[INFO] 18:19:06:657 LFS/(7781:7781): SELECT STUDY 125 = sketch

[INFO] 18:19:06:658 LFS/(7781:7781): INICIO SELECT STUDY 126
[INFO] 18:19:06:659 LFS/(7781:7781): SELECT STUDY 126 = reviewing

[INFO] 18:19:06:659 LFS/(7781:7781): INICIO SELECT STUDY 127
[INFO] 18:19:06:659 LFS/(7781:7781): SELECT STUDY 127 = researching

[INFO] 18:19:06:661 LFS/(7781:7781): INICIO SELECT STUDY 128
[INFO] 18:19:06:673 LFS/(7781:7781): SELECT STUDY 128 = schooling

[INFO] 18:19:06:673 LFS/(7781:7781): INICIO SELECT STUDY 129
[INFO] 18:19:06:673 LFS/(7781:7781): SELECT STUDY 129 = mapping

[INFO] 18:19:06:674 LFS/(7781:7781): INICIO SELECT STUDY 130
[INFO] 18:19:06:675 LFS/(7781:7781): SELECT STUDY 130 = report

[INFO] 18:19:06:675 LFS/(7781:7781): INICIO SELECT STUDY 132
[INFO] 18:19:06:676 LFS/(7781:7781): SELECT STUDY 132 = researches

[INFO] 18:19:06:676 LFS/(7781:7781): INICIO SELECT STUDY 134
[INFO] 18:19:06:676 LFS/(7781:7781): SELECT STUDY 134 = learn

[INFO] 18:19:06:678 LFS/(7781:7781): INICIO SELECT STUDY 136
[INFO] 18:19:06:678 LFS/(7781:7781): SELECT STUDY 136 = examination

[INFO] 18:19:06:678 LFS/(7781:7781): INICIO SELECT STUDY 138
[INFO] 18:19:06:678 LFS/(7781:7781): SELECT STUDY 138 = contemplate

[INFO] 18:19:06:678 LFS/(7781:7781): INICIO SELECT STUDY 139
[INFO] 18:19:06:680 LFS/(7781:7781): SELECT STUDY 139 = examine

[INFO] 18:19:06:680 LFS/(7781:7781): INICIO SELECT STUDY 141
[INFO] 18:19:06:680 LFS/(7781:7781): SELECT STUDY 141 = assessment

[INFO] 18:19:06:680 LFS/(7781:7781): INICIO SELECT STUDY 142
[INFO] 18:19:06:681 LFS/(7781:7781): SELECT STUDY 142 = analysis

[INFO] 18:19:06:682 LFS/(7781:7781): INICIO SELECT STUDY 143
[INFO] 18:19:06:683 LFS/(7781:7781): SELECT STUDY 143 = researching

[INFO] 18:19:06:683 LFS/(7781:7781): INICIO SELECT STUDY 145
[INFO] 18:19:06:684 LFS/(7781:7781): SELECT STUDY 145 = monograph

[INFO] 18:19:06:684 LFS/(7781:7781): INICIO SELECT STUDY 146
[INFO] 18:19:06:684 LFS/(7781:7781): SELECT STUDY 146 = experiment

[INFO] 18:19:06:685 LFS/(7781:7781): INICIO SELECT STUDY 147
[INFO] 18:19:06:686 LFS/(7781:7781): SELECT STUDY 147 = testing

[INFO] 18:19:06:686 LFS/(7781:7781): INICIO SELECT STUDY 148
[INFO] 18:19:06:688 LFS/(7781:7781): SELECT STUDY 148 = trials

[INFO] 18:19:06:688 LFS/(7781:7781): INICIO SELECT STUDY 149
[INFO] 18:19:06:688 LFS/(7781:7781): SELECT STUDY 149 = essay

[INFO] 18:19:06:689 LFS/(7781:7781): INICIO SELECT STUDY 150
[INFO] 18:19:06:689 LFS/(7781:7781): SELECT STUDY 150 = branch of knowle
[INFO] 18:19:06:689 LFS/(7781:7781): INICIO SELECT STUDY 152
[INFO] 18:19:06:690 LFS/(7781:7781): SELECT STUDY 152 = curriculum

[INFO] 18:19:06:690 LFS/(7781:7781): INICIO SELECT STUDY 153
[INFO] 18:19:06:691 LFS/(7781:7781): SELECT STUDY 153 = cohort

[INFO] 18:19:06:692 LFS/(7781:7781): INICIO SELECT STUDY 154
[INFO] 18:19:06:692 LFS/(7781:7781): SELECT STUDY 154 = cohort

[INFO] 18:19:06:692 LFS/(7781:7781): INICIO SELECT STUDY 155
[INFO] 18:19:06:694 LFS/(7781:7781): SELECT STUDY 155 = reviewing

[INFO] 18:19:06:695 LFS/(7781:7781): INICIO SELECT STUDY 156
[INFO] 18:19:06:698 LFS/(7781:7781): SELECT STUDY 156 = examined

[INFO] 18:19:06:699 LFS/(7781:7781): INICIO SELECT STUDY 157
[INFO] 18:19:06:699 LFS/(7781:7781): SELECT STUDY 157 = research

[INFO] 18:19:06:699 LFS/(7781:7781): INICIO SELECT STUDY 158
[INFO] 18:19:06:700 LFS/(7781:7781): SELECT STUDY 158 = examination

[INFO] 18:19:06:700 LFS/(7781:7781): INICIO SELECT STUDY 159
[INFO] 18:19:06:700 LFS/(7781:7781): SELECT STUDY 159 = project

[INFO] 18:19:06:700 LFS/(7781:7781): INICIO SELECT STUDY 160
[INFO] 18:19:06:701 LFS/(7781:7781): SELECT STUDY 160 = consultancy

[INFO] 18:19:06:701 LFS/(7781:7781): INICIO SELECT STUDY 161
[INFO] 18:19:06:702 LFS/(7781:7781): SELECT STUDY 161 = trials

[INFO] 18:19:06:703 LFS/(7781:7781): INICIO SELECT STUDY 162
[INFO] 18:19:06:704 LFS/(7781:7781): SELECT STUDY 162 = assessments

[INFO] 18:19:06:704 LFS/(7781:7781): INICIO SELECT STUDY 163
[INFO] 18:19:06:704 LFS/(7781:7781): SELECT STUDY 163 = experiment

[INFO] 18:19:06:705 LFS/(7781:7781): INICIO SELECT STUDY 164
[INFO] 18:19:06:706 LFS/(7781:7781): SELECT STUDY 164 = reviewed

[INFO] 18:19:06:706 LFS/(7781:7781): INICIO SELECT STUDY 165
[INFO] 18:19:06:707 LFS/(7781:7781): SELECT STUDY 165 = education

[INFO] 18:19:06:707 LFS/(7781:7781): INICIO SELECT STUDY 166
[INFO] 18:19:06:708 LFS/(7781:7781): SELECT STUDY 166 = take

[INFO] 18:19:06:708 LFS/(7781:7781): INICIO SELECT STUDY 167
[INFO] 18:19:06:709 LFS/(7781:7781): SELECT STUDY 167 = placebo

[INFO] 18:19:06:709 LFS/(7781:7781): INICIO SELECT STUDY 168
[INFO] 18:19:06:710 LFS/(7781:7781): SELECT STUDY 168 = examined

[INFO] 18:19:06:710 LFS/(7781:7781): INICIO SELECT STUDY 169
[INFO] 18:19:06:713 LFS/(7781:7781): SELECT STUDY 169 = literature

[INFO] 18:19:06:713 LFS/(7781:7781): INICIO SELECT STUDY 170
[INFO] 18:19:06:713 LFS/(7781:7781): SELECT STUDY 170 = investigated

[INFO] 18:19:06:714 LFS/(7781:7781): INICIO SELECT STUDY 171
[INFO] 18:19:06:714 LFS/(7781:7781): SELECT STUDY 171 = scan

[INFO] 18:19:06:714 LFS/(7781:7781): INICIO SELECT STUDY 172
[INFO] 18:19:06:715 LFS/(7781:7781): SELECT STUDY 172 = poll

[INFO] 18:19:06:715 LFS/(7781:7781): INICIO SELECT STUDY 173
[INFO] 18:19:06:715 LFS/(7781:7781): SELECT STUDY 173 = explore

[INFO] 18:19:06:716 LFS/(7781:7781): INICIO SELECT STUDY 174
[INFO] 18:19:06:717 LFS/(7781:7781): SELECT STUDY 174 = investigate

[INFO] 18:19:06:720 LFS/(7781:7781): INICIO SELECT STUDY 175
[INFO] 18:19:06:721 LFS/(7781:7781): SELECT STUDY 175 = analyse

[INFO] 18:19:06:721 LFS/(7781:7781): INICIO SELECT STUDY 176
[INFO] 18:19:06:722 LFS/(7781:7781): SELECT STUDY 176 = testing

[INFO] 18:19:06:722 LFS/(7781:7781): INICIO SELECT STUDY 177
[INFO] 18:19:06:723 LFS/(7781:7781): SELECT STUDY 177 = sketch

[INFO] 18:19:06:723 LFS/(7781:7781): INICIO SELECT STUDY 178
[INFO] 18:19:06:724 LFS/(7781:7781): SELECT STUDY 178 = discussion

[INFO] 18:19:06:724 LFS/(7781:7781): INICIO SELECT STUDY 179
[INFO] 18:19:06:725 LFS/(7781:7781): SELECT STUDY 179 = field of study

[INFO] 18:19:06:725 LFS/(7781:7781): INICIO SELECT STUDY 181
[INFO] 18:19:06:726 LFS/(7781:7781): SELECT STUDY 181 = examination

[INFO] 18:19:06:726 LFS/(7781:7781): INICIO SELECT STUDY 182
[INFO] 18:19:06:727 LFS/(7781:7781): SELECT STUDY 182 = examined

[INFO] 18:19:06:728 LFS/(7781:7781): INICIO SELECT STUDY 183
[INFO] 18:19:06:728 LFS/(7781:7781): SELECT STUDY 183 = evaluation

[INFO] 18:19:06:729 LFS/(7781:7781): INICIO SELECT STUDY 184
[INFO] 18:19:06:730 LFS/(7781:7781): SELECT STUDY 184 = investigations

[INFO] 18:19:06:730 LFS/(7781:7781): INICIO SELECT STUDY 185
[INFO] 18:19:06:730 LFS/(7781:7781): SELECT STUDY 185 = investigated

[INFO] 18:19:06:731 LFS/(7781:7781): INICIO SELECT STUDY 188
[INFO] 18:19:06:731 LFS/(7781:7781): SELECT STUDY 188 = assessment

[INFO] 18:19:06:732 LFS/(7781:7781): INICIO SELECT STUDY 190
[INFO] 18:19:06:732 LFS/(7781:7781): SELECT STUDY 190 = cogitation

[INFO] 18:19:06:733 LFS/(7781:7781): INICIO SELECT STUDY 191
[INFO] 18:19:06:733 LFS/(7781:7781): SELECT STUDY 191 = degree

[INFO] 18:19:06:734 LFS/(7781:7781): INICIO SELECT STUDY 192
[INFO] 18:19:06:735 LFS/(7781:7781): SELECT STUDY 192 = researcher

[INFO] 18:19:06:735 LFS/(7781:7781): INICIO SELECT STUDY 193
[INFO] 18:19:06:736 LFS/(7781:7781): SELECT STUDY 193 = curriculum

[INFO] 18:19:06:736 LFS/(7781:7781): INICIO SELECT STUDY 194
[INFO] 18:19:06:737 LFS/(7781:7781): SELECT STUDY 194 = analysis

[INFO] 18:19:06:737 LFS/(7781:7781): INICIO SELECT STUDY 195
[INFO] 18:19:06:738 LFS/(7781:7781): SELECT STUDY 195 = researchers

[INFO] 18:19:06:738 LFS/(7781:7781): INICIO SELECT STUDY 196
[INFO] 18:19:06:739 LFS/(7781:7781): SELECT STUDY 196 = surveys

[INFO] 18:19:06:739 LFS/(7781:7781): INICIO SELECT STUDY 197
[INFO] 18:19:06:740 LFS/(7781:7781): SELECT STUDY 197 = take

[INFO] 18:19:06:741 LFS/(7781:7781): INICIO SELECT STUDY 198
[INFO] 18:19:06:741 LFS/(7781:7781): SELECT STUDY 198 = evaluation

[INFO] 18:19:06:741 LFS/(7781:7781): INICIO SELECT STUDY 199
[INFO] 18:19:06:742 LFS/(7781:7781): SELECT STUDY 199 = findings

[INFO] 18:19:06:743 LFS/(7781:7781): INICIO SELECT STUDY 200
[INFO] 18:19:06:743 LFS/(7781:7781): SELECT STUDY 200 = audit

[INFO] 18:19:06:745 LFS/(7781:7781): INICIO SELECT STUDY 201
[INFO] 18:19:06:745 LFS/(7781:7781): SELECT STUDY 201 = evaluation

[INFO] 18:19:06:746 LFS/(7781:7781): INICIO SELECT STUDY 202
[INFO] 18:19:06:746 LFS/(7781:7781): SELECT STUDY 202 = analyze

[INFO] 18:19:06:746 LFS/(7781:7781): INICIO SELECT STUDY 203
[INFO] 18:19:06:747 LFS/(7781:7781): SELECT STUDY 203 = cohort

[INFO] 18:19:06:747 LFS/(7781:7781): INICIO SELECT STUDY 204
[INFO] 18:19:06:747 LFS/(7781:7781): SELECT STUDY 204 = teaching

[INFO] 18:19:06:747 LFS/(7781:7781): INICIO SELECT STUDY 205
[INFO] 18:19:06:749 LFS/(7781:7781): SELECT STUDY 205 = survey

[INFO] 18:19:06:750 LFS/(7781:7781): INICIO SELECT STUDY 207
[INFO] 18:19:06:750 LFS/(7781:7781): SELECT STUDY 207 = researching

[INFO] 18:19:06:750 LFS/(7781:7781): INICIO SELECT STUDY 208
[INFO] 18:19:06:751 LFS/(7781:7781): SELECT STUDY 208 = pilot

[INFO] 18:19:06:751 LFS/(7781:7781): INICIO SELECT STUDY 209
[INFO] 18:19:06:751 LFS/(7781:7781): SELECT STUDY 209 = screening

[INFO] 18:19:06:754 LFS/(7781:7781): INICIO SELECT STUDY 210
[INFO] 18:19:06:754 LFS/(7781:7781): SELECT STUDY 210 = testing

[INFO] 18:19:06:754 LFS/(7781:7781): INICIO SELECT STUDY 211
[INFO] 18:19:06:755 LFS/(7781:7781): SELECT STUDY 211 = test

[INFO] 18:19:06:756 LFS/(7781:7781): INICIO SELECT STUDY 212
[INFO] 18:19:06:756 LFS/(7781:7781): SELECT STUDY 212 = examine

[INFO] 18:19:06:757 LFS/(7781:7781): INICIO SELECT STUDY 213
[INFO] 18:19:06:760 LFS/(7781:7781): SELECT STUDY 213 = investigate

[INFO] 18:19:06:760 LFS/(7781:7781): INICIO SELECT STUDY 214
[INFO] 18:19:06:760 LFS/(7781:7781): SELECT STUDY 214 = project

[INFO] 18:19:06:761 LFS/(7781:7781): INICIO SELECT STUDY 215
[INFO] 18:19:06:761 LFS/(7781:7781): SELECT STUDY 215 = data

[INFO] 18:19:06:761 LFS/(7781:7781): INICIO SELECT STUDY 217
[INFO] 18:19:06:762 LFS/(7781:7781): SELECT STUDY 217 = monitor

[INFO] 18:19:06:762 LFS/(7781:7781): INICIO SELECT STUDY 218
[INFO] 18:19:06:763 LFS/(7781:7781): SELECT STUDY 218 = scan

[INFO] 18:19:06:763 LFS/(7781:7781): INICIO SELECT STUDY 219
[INFO] 18:19:06:764 LFS/(7781:7781): SELECT STUDY 219 = evaluation

[INFO] 18:19:06:764 LFS/(7781:7781): INICIO SELECT STUDY 220
[INFO] 18:19:06:766 LFS/(7781:7781): SELECT STUDY 220 = results

[INFO] 18:19:06:766 LFS/(7781:7781): INICIO SELECT STUDY 221
[INFO] 18:19:06:766 LFS/(7781:7781): SELECT STUDY 221 = researches

[INFO] 18:19:06:767 LFS/(7781:7781): INICIO SELECT STUDY 222
[INFO] 18:19:06:767 LFS/(7781:7781): SELECT STUDY 222 = discussion

[INFO] 18:19:06:767 LFS/(7781:7781): INICIO SELECT STUDY 223
[INFO] 18:19:06:768 LFS/(7781:7781): SELECT STUDY 223 = monograph

[INFO] 18:19:06:771 LFS/(7781:7781): INICIO SELECT STUDY 224
[INFO] 18:19:06:771 LFS/(7781:7781): SELECT STUDY 224 = assess

[INFO] 18:19:06:771 LFS/(7781:7781): INICIO SELECT STUDY 225
[INFO] 18:19:06:772 LFS/(7781:7781): SELECT STUDY 225 = surveys

[INFO] 18:19:06:772 LFS/(7781:7781): INICIO SELECT STUDY 226
[INFO] 18:19:06:773 LFS/(7781:7781): SELECT STUDY 226 = investigated

[INFO] 18:19:06:774 LFS/(7781:7781): INICIO SELECT STUDY 227
[INFO] 18:19:06:774 LFS/(7781:7781): SELECT STUDY 227 = monograph

[INFO] 18:19:06:774 LFS/(7781:7781): INICIO SELECT STUDY 229
[INFO] 18:19:06:775 LFS/(7781:7781): SELECT STUDY 229 = examined

[INFO] 18:19:06:775 LFS/(7781:7781): INICIO SELECT STUDY 230
[INFO] 18:19:06:777 LFS/(7781:7781): SELECT STUDY 230 = consultancy

[INFO] 18:19:06:777 LFS/(7781:7781): INICIO SELECT STUDY 231
[INFO] 18:19:06:777 LFS/(7781:7781): SELECT STUDY 231 = test

[INFO] 18:19:06:777 LFS/(7781:7781): INICIO SELECT STUDY 232
[INFO] 18:19:06:778 LFS/(7781:7781): SELECT STUDY 232 = determine

[INFO] 18:19:06:779 LFS/(7781:7781): INICIO SELECT STUDY 233
[INFO] 18:19:06:780 LFS/(7781:7781): SELECT STUDY 233 = seminar

[INFO] 18:19:06:780 LFS/(7781:7781): INICIO SELECT STUDY 234
[INFO] 18:19:06:780 LFS/(7781:7781): SELECT STUDY 234 = schooling

[INFO] 18:19:06:782 LFS/(7781:7781): INICIO SELECT STUDY 235
[INFO] 18:19:06:782 LFS/(7781:7781): SELECT STUDY 235 = educational

[INFO] 18:19:06:782 LFS/(7781:7781): INICIO SELECT STUDY 236
[INFO] 18:19:06:782 LFS/(7781:7781): SELECT STUDY 236 = examining

[INFO] 18:19:06:782 LFS/(7781:7781): INICIO SELECT STUDY 237
[INFO] 18:19:06:784 LFS/(7781:7781): SELECT STUDY 237 = explored

[INFO] 18:19:06:784 LFS/(7781:7781): INICIO SELECT STUDY 238
[INFO] 18:19:06:785 LFS/(7781:7781): SELECT STUDY 238 = sketch

[INFO] 18:19:06:785 LFS/(7781:7781): INICIO SELECT STUDY 239
[INFO] 18:19:06:785 LFS/(7781:7781): SELECT STUDY 239 = branch of knowle
[INFO] 18:19:06:786 LFS/(7781:7781): INICIO SELECT STUDY 240
[INFO] 18:19:06:787 LFS/(7781:7781): SELECT STUDY 240 = contemplate

[INFO] 18:19:06:787 LFS/(7781:7781): INICIO SELECT STUDY 241
[INFO] 18:19:06:788 LFS/(7781:7781): SELECT STUDY 241 = inquiry

[INFO] 18:19:06:788 LFS/(7781:7781): INICIO SELECT STUDY 242
[INFO] 18:19:06:789 LFS/(7781:7781): SELECT STUDY 242 = essay

[INFO] 18:19:06:789 LFS/(7781:7781): INICIO SELECT STUDY 244
[INFO] 18:19:06:790 LFS/(7781:7781): SELECT STUDY 244 = degree

[INFO] 18:19:06:790 LFS/(7781:7781): INICIO SELECT STUDY 245
[INFO] 18:19:06:791 LFS/(7781:7781): SELECT STUDY 245 = exercise

[INFO] 18:19:06:791 LFS/(7781:7781): INICIO SELECT STUDY 246
[INFO] 18:19:06:792 LFS/(7781:7781): SELECT STUDY 246 = results

[INFO] 18:19:06:792 LFS/(7781:7781): INICIO SELECT STUDY 247
[INFO] 18:19:06:793 LFS/(7781:7781): SELECT STUDY 247 = discipline

[INFO] 18:19:06:794 LFS/(7781:7781): INICIO SELECT STUDY 248
[INFO] 18:19:06:794 LFS/(7781:7781): SELECT STUDY 248 = meditate

[INFO] 18:19:06:794 LFS/(7781:7781): INICIO SELECT STUDY 249
[INFO] 18:19:06:795 LFS/(7781:7781): SELECT STUDY 249 = exploring

[INFO] 18:19:06:796 LFS/(7781:7781): INICIO SELECT STUDY 250
[INFO] 18:19:06:796 LFS/(7781:7781): SELECT STUDY 250 = inquiry

[INFO] 18:19:06:797 LFS/(7781:7781): INICIO SELECT STUDY 251
[INFO] 18:19:06:797 LFS/(7781:7781): SELECT STUDY 251 = review

[INFO] 18:19:06:798 LFS/(7781:7781): INICIO SELECT STUDY 253
[INFO] 18:19:06:800 LFS/(7781:7781): SELECT STUDY 253 = research

[INFO] 18:19:06:800 LFS/(7781:7781): INICIO SELECT STUDY 254
[INFO] 18:19:06:800 LFS/(7781:7781): SELECT STUDY 254 = evaluation

[INFO] 18:19:06:800 LFS/(7781:7781): INICIO SELECT STUDY 255
[INFO] 18:19:06:801 LFS/(7781:7781): SELECT STUDY 255 = curricula

[INFO] 18:19:06:801 LFS/(7781:7781): INICIO SELECT STUDY 256
[INFO] 18:19:06:802 LFS/(7781:7781): SELECT STUDY 256 = search

[INFO] 18:19:06:802 LFS/(7781:7781): INICIO SELECT STUDY 257
[INFO] 18:19:06:803 LFS/(7781:7781): SELECT STUDY 257 = analysing

[INFO] 18:19:06:803 LFS/(7781:7781): INICIO SELECT STUDY 258
[INFO] 18:19:06:804 LFS/(7781:7781): SELECT STUDY 258 = pilot

[INFO] 18:19:06:804 LFS/(7781:7781): INICIO SELECT STUDY 259
[INFO] 18:19:06:805 LFS/(7781:7781): SELECT STUDY 259 = poll

[INFO] 18:19:06:806 LFS/(7781:7781): INICIO SELECT STUDY 260
[INFO] 18:19:06:806 LFS/(7781:7781): SELECT STUDY 260 = investigated

[INFO] 18:19:06:806 LFS/(7781:7781): INICIO SELECT STUDY 261
[INFO] 18:19:06:808 LFS/(7781:7781): SELECT STUDY 261 = examination

[INFO] 18:19:06:808 LFS/(7781:7781): INICIO SELECT STUDY 262
[INFO] 18:19:06:809 LFS/(7781:7781): SELECT STUDY 262 = research

[INFO] 18:19:06:809 LFS/(7781:7781): INICIO SELECT STUDY 263
[INFO] 18:19:06:809 LFS/(7781:7781): SELECT STUDY 263 = contemplate

[INFO] 18:19:06:810 LFS/(7781:7781): INICIO SELECT STUDY 264
[INFO] 18:19:06:812 LFS/(7781:7781): SELECT STUDY 264 = exam

[INFO] 18:19:06:812 LFS/(7781:7781): INICIO SELECT STUDY 265
[INFO] 18:19:06:812 LFS/(7781:7781): SELECT STUDY 265 = analyse

[INFO] 18:19:06:813 LFS/(7781:7781): INICIO SELECT STUDY 266
[INFO] 18:19:06:813 LFS/(7781:7781): SELECT STUDY 266 = degree

[INFO] 18:19:06:813 LFS/(7781:7781): INICIO SELECT STUDY 267
[INFO] 18:19:06:814 LFS/(7781:7781): SELECT STUDY 267 = cohort

[INFO] 18:19:06:814 LFS/(7781:7781): INICIO SELECT STUDY 268
[INFO] 18:19:06:815 LFS/(7781:7781): SELECT STUDY 268 = consider

[INFO] 18:19:06:815 LFS/(7781:7781): INICIO SELECT STUDY 269
[INFO] 18:19:06:816 LFS/(7781:7781): SELECT STUDY 269 = analyze

[INFO] 18:19:06:818 LFS/(7781:7781): INICIO SELECT STUDY 270
[INFO] 18:19:06:818 LFS/(7781:7781): SELECT STUDY 270 = subject

[INFO] 18:19:06:818 LFS/(7781:7781): INICIO SELECT STUDY 271
[INFO] 18:19:06:822 LFS/(7781:7781): SELECT STUDY 271 = tr
[INFO] 18:19:06:822 LFS/(7781:7781): INICIO SELECT STUDY 273
[INFO] 18:19:06:822 LFS/(7781:7781): SELECT STUDY 273 = paper

[INFO] 18:19:06:823 LFS/(7781:7781): INICIO SELECT STUDY 274
[INFO] 18:19:06:823 LFS/(7781:7781): SELECT STUDY 274 = schooling

[INFO] 18:19:06:823 LFS/(7781:7781): INICIO SELECT STUDY 275
[INFO] 18:19:06:825 LFS/(7781:7781): SELECT STUDY 275 = subject

[INFO] 18:19:06:826 LFS/(7781:7781): INICIO SELECT STUDY 276
[INFO] 18:19:06:826 LFS/(7781:7781): SELECT STUDY 276 = reviewed

[INFO] 18:19:06:826 LFS/(7781:7781): INICIO SELECT STUDY 277
[INFO] 18:19:06:827 LFS/(7781:7781): SELECT STUDY 277 = discipline

[INFO] 18:19:06:827 LFS/(7781:7781): INICIO SELECT STUDY 279
[INFO] 18:19:06:827 LFS/(7781:7781): SELECT STUDY 279 = read

[INFO] 18:19:06:828 LFS/(7781:7781): INICIO SELECT STUDY 281
[INFO] 18:19:06:828 LFS/(7781:7781): SELECT STUDY 281 = reviewed

[INFO] 18:19:06:828 LFS/(7781:7781): INICIO SELECT STUDY 282
[INFO] 18:19:06:829 LFS/(7781:7781): SELECT STUDY 282 = teaching

[INFO] 18:19:06:830 LFS/(7781:7781): INICIO SELECT STUDY 283
[INFO] 18:19:06:831 LFS/(7781:7781): SELECT STUDY 283 = analysis

[INFO] 18:19:06:831 LFS/(7781:7781): INICIO SELECT STUDY 284
[INFO] 18:19:06:831 LFS/(7781:7781): SELECT STUDY 284 = survey

[INFO] 18:19:06:832 LFS/(7781:7781): INICIO SELECT STUDY 285
[INFO] 18:19:06:833 LFS/(7781:7781): SELECT STUDY 285 = mapping

[INFO] 18:19:06:833 LFS/(7781:7781): INICIO SELECT STUDY 286
[INFO] 18:19:06:833 LFS/(7781:7781): SELECT STUDY 286 = surveyed

[INFO] 18:19:06:837 LFS/(7781:7781): INICIO SELECT STUDY 287
[INFO] 18:19:06:837 LFS/(7781:7781): SELECT STUDY 287 = analysing

[INFO] 18:19:06:838 LFS/(7781:7781): INICIO SELECT STUDY 288
[INFO] 18:19:06:838 LFS/(7781:7781): SELECT STUDY 288 = researchers

[INFO] 18:19:06:838 LFS/(7781:7781): INICIO SELECT STUDY 289
[INFO] 18:19:06:839 LFS/(7781:7781): SELECT STUDY 289 = research

[INFO] 18:19:06:839 LFS/(7781:7781): INICIO SELECT STUDY 290
[INFO] 18:19:06:839 LFS/(7781:7781): SELECT STUDY 290 = thesis

[INFO] 18:19:06:839 LFS/(7781:7781): INICIO SELECT STUDY 291
[INFO] 18:19:06:840 LFS/(7781:7781): SELECT STUDY 291 = mapping

[INFO] 18:19:06:840 LFS/(7781:7781): INICIO SELECT STUDY 292
[INFO] 18:19:06:840 LFS/(7781:7781): SELECT STUDY 292 = education

[INFO] 18:19:06:841 LFS/(7781:7781): INICIO SELECT STUDY 293
[INFO] 18:19:06:842 LFS/(7781:7781): SELECT STUDY 293 = assess

[INFO] 18:19:06:842 LFS/(7781:7781): INICIO SELECT STUDY 294
[INFO] 18:19:06:842 LFS/(7781:7781): SELECT STUDY 294 = surveys

[INFO] 18:19:06:843 LFS/(7781:7781): INICIO SELECT STUDY 295
[INFO] 18:19:06:844 LFS/(7781:7781): SELECT STUDY 295 = analyse

[INFO] 18:19:06:844 LFS/(7781:7781): INICIO SELECT STUDY 296
[INFO] 18:19:06:845 LFS/(7781:7781): SELECT STUDY 296 = findings

[INFO] 18:19:06:845 LFS/(7781:7781): INICIO SELECT STUDY 297
[INFO] 18:19:06:846 LFS/(7781:7781): SELECT STUDY 297 = review

[INFO] 18:19:06:847 LFS/(7781:7781): INICIO SELECT STUDY 298
[INFO] 18:19:06:847 LFS/(7781:7781): SELECT STUDY 298 = scan

[INFO] 18:19:06:847 LFS/(7781:7781): INICIO SELECT STUDY 299
[INFO] 18:19:06:848 LFS/(7781:7781): SELECT STUDY 299 = screening

[INFO] 18:19:06:848 LFS/(7781:7781): INICIO SELECT STUDY 300
[INFO] 18:19:06:849 LFS/(7781:7781): SELECT STUDY 300 = researcher

[INFO] 18:19:06:850 LFS/(7781:7781): INICIO SELECT LIBRARY 1
[INFO] 18:19:06:852 LFS/(7781:7781): SELECT LIBRARY 1 = branch

[INFO] 18:19:06:853 LFS/(7781:7781): INICIO SELECT LIBRARY 2
[INFO] 18:19:06:855 LFS/(7781:7781): SELECT LIBRARY 2 = alexandrina

[INFO] 18:19:06:855 LFS/(7781:7781): INICIO SELECT LIBRARY 3
[INFO] 18:19:06:857 LFS/(7781:7781): SELECT LIBRARY 3 = bookseller

[INFO] 18:19:06:858 LFS/(7781:7781): INICIO SELECT LIBRARY 4
[INFO] 18:19:06:860 LFS/(7781:7781): SELECT LIBRARY 4 = archives

[INFO] 18:19:06:861 LFS/(7781:7781): INICIO SELECT LIBRARY 5
[INFO] 18:19:06:863 LFS/(7781:7781): SELECT LIBRARY 5 = ccl

[INFO] 18:19:06:864 LFS/(7781:7781): INICIO SELECT LIBRARY 6
[INFO] 18:19:06:866 LFS/(7781:7781): SELECT LIBRARY 6 = documentary

[INFO] 18:19:06:867 LFS/(7781:7781): INICIO SELECT LIBRARY 9
[INFO] 18:19:06:869 LFS/(7781:7781): SELECT LIBRARY 9 = branch

[INFO] 18:19:06:870 LFS/(7781:7781): INICIO SELECT LIBRARY 10
[INFO] 18:19:06:872 LFS/(7781:7781): SELECT LIBRARY 10 = biblioteca

[INFO] 18:19:06:873 LFS/(7781:7781): INICIO SELECT LIBRARY 11
[INFO] 18:19:06:874 LFS/(7781:7781): SELECT LIBRARY 11 = nlc

[INFO] 18:19:06:875 LFS/(7781:7781): INICIO SELECT LIBRARY 12
[INFO] 18:19:06:878 LFS/(7781:7781): SELECT LIBRARY 12 = catalogues

[INFO] 18:19:06:878 LFS/(7781:7781): INICIO SELECT LIBRARY 13
[INFO] 18:19:06:881 LFS/(7781:7781): SELECT LIBRARY 13 = bookfair

[INFO] 18:19:06:881 LFS/(7781:7781): INICIO SELECT LIBRARY 14
[INFO] 18:19:06:883 LFS/(7781:7781): SELECT LIBRARY 14 = cdna

[INFO] 18:19:06:884 LFS/(7781:7781): INICIO SELECT LIBRARY 15
[INFO] 18:19:06:890 LFS/(7781:7781): SELECT LIBRARY 15 = microfilm

[INFO] 18:19:06:890 LFS/(7781:7781): INICIO SELECT LIBRARY 16
[INFO] 18:19:06:891 LFS/(7781:7781): SELECT LIBRARY 16 = dhl

[INFO] 18:19:06:891 LFS/(7781:7781): INICIO SELECT LIBRARY 17
[INFO] 18:19:06:893 LFS/(7781:7781): SELECT LIBRARY 17 = catalogues

[INFO] 18:19:06:894 LFS/(7781:7781): INICIO SELECT LIBRARY 18
[INFO] 18:19:06:896 LFS/(7781:7781): SELECT LIBRARY 18 = athenaeum

[INFO] 18:19:06:897 LFS/(7781:7781): INICIO SELECT LIBRARY 19
[INFO] 18:19:06:899 LFS/(7781:7781): SELECT LIBRARY 19 = bookshelf

[INFO] 18:19:06:900 LFS/(7781:7781): INICIO SELECT LIBRARY 20
[INFO] 18:19:06:902 LFS/(7781:7781): SELECT LIBRARY 20 = interlibrary

[INFO] 18:19:06:904 LFS/(7781:7781): INICIO SELECT LIBRARY 21
[INFO] 18:19:06:905 LFS/(7781:7781): SELECT LIBRARY 21 = lac

[INFO] 18:19:06:906 LFS/(7781:7781): INICIO SELECT LIBRARY 22
[INFO] 18:19:06:908 LFS/(7781:7781): SELECT LIBRARY 22 = collections

[INFO] 18:19:06:908 LFS/(7781:7781): INICIO SELECT LIBRARY 23
[INFO] 18:19:06:910 LFS/(7781:7781): SELECT LIBRARY 23 = library routine

[INFO] 18:19:06:911 LFS/(7781:7781): INICIO SELECT LIBRARY 24
[INFO] 18:19:06:913 LFS/(7781:7781): SELECT LIBRARY 24 = microfiche

[INFO] 18:19:06:914 LFS/(7781:7781): INICIO SELECT LIBRARY 25
[INFO] 18:19:06:916 LFS/(7781:7781): SELECT LIBRARY 25 = reference book

[INFO] 18:19:06:917 LFS/(7781:7781): INICIO SELECT LIBRARY 26
[INFO] 18:19:06:921 LFS/(7781:7781): SELECT LIBRARY 26 = bibliotheca

[INFO] 18:19:06:921 LFS/(7781:7781): INICIO SELECT LIBRARY 27
[INFO] 18:19:06:922 LFS/(7781:7781): SELECT LIBRARY 27 = branch

[INFO] 18:19:06:923 LFS/(7781:7781): INICIO SELECT LIBRARY 28
[INFO] 18:19:06:925 LFS/(7781:7781): SELECT LIBRARY 28 = athenaeum

[INFO] 18:19:06:926 LFS/(7781:7781): INICIO SELECT LIBRARY 29
[INFO] 18:19:06:927 LFS/(7781:7781): SELECT LIBRARY 29 = cinematheque

[INFO] 18:19:06:928 LFS/(7781:7781): INICIO SELECT LIBRARY 31
[INFO] 18:19:06:931 LFS/(7781:7781): SELECT LIBRARY 31 = biblioteca

[INFO] 18:19:06:932 LFS/(7781:7781): INICIO SELECT LIBRARY 32
[INFO] 18:19:06:933 LFS/(7781:7781): SELECT LIBRARY 32 = storytime

[INFO] 18:19:06:934 LFS/(7781:7781): INICIO SELECT LIBRARY 33
[INFO] 18:19:06:937 LFS/(7781:7781): SELECT LIBRARY 33 = bibliotheca

[INFO] 18:19:06:938 LFS/(7781:7781): INICIO SELECT LIBRARY 34
[INFO] 18:19:06:939 LFS/(7781:7781): SELECT LIBRARY 34 = lib

[INFO] 18:19:06:941 LFS/(7781:7781): INICIO SELECT LIBRARY 35
[INFO] 18:19:06:943 LFS/(7781:7781): SELECT LIBRARY 35 = planetarium

[INFO] 18:19:06:944 LFS/(7781:7781): INICIO SELECT LIBRARY 36
[INFO] 18:19:06:947 LFS/(7781:7781): SELECT LIBRARY 36 = bibliothec

[INFO] 18:19:06:947 LFS/(7781:7781): INICIO SELECT LIBRARY 37
[INFO] 18:19:06:949 LFS/(7781:7781): SELECT LIBRARY 37 = sublibrarian

[INFO] 18:19:06:950 LFS/(7781:7781): INICIO SELECT LIBRARY 38
[INFO] 18:19:06:953 LFS/(7781:7781): SELECT LIBRARY 38 = branch

[INFO] 18:19:06:954 LFS/(7781:7781): INICIO SELECT LIBRARY 39
[INFO] 18:19:06:955 LFS/(7781:7781): SELECT LIBRARY 39 = bookshop

[INFO] 18:19:06:956 LFS/(7781:7781): INICIO SELECT LIBRARY 40
[INFO] 18:19:06:958 LFS/(7781:7781): SELECT LIBRARY 40 = ccl

[INFO] 18:19:06:959 LFS/(7781:7781): INICIO SELECT LIBRARY 41
[INFO] 18:19:06:961 LFS/(7781:7781): SELECT LIBRARY 41 = elementary

[INFO] 18:19:06:962 LFS/(7781:7781): INICIO SELECT LIBRARY 43
[INFO] 18:19:06:964 LFS/(7781:7781): SELECT LIBRARY 43 = biblioteca

[INFO] 18:19:06:965 LFS/(7781:7781): INICIO SELECT LIBRARY 45
[INFO] 18:19:06:967 LFS/(7781:7781): SELECT LIBRARY 45 = entrance

[INFO] 18:19:06:968 LFS/(7781:7781): INICIO SELECT LIBRARY 46
[INFO] 18:19:06:969 LFS/(7781:7781): SELECT LIBRARY 46 = bookseller

[INFO] 18:19:06:971 LFS/(7781:7781): INICIO SELECT LIBRARY 47
[INFO] 18:19:06:972 LFS/(7781:7781): SELECT LIBRARY 47 = arboretum

[INFO] 18:19:06:973 LFS/(7781:7781): INICIO SELECT LIBRARY 48
[INFO] 18:19:06:975 LFS/(7781:7781): SELECT LIBRARY 48 = museum

[INFO] 18:19:06:976 LFS/(7781:7781): INICIO SELECT LIBRARY 52
[INFO] 18:19:06:978 LFS/(7781:7781): SELECT LIBRARY 52 = alexandrina

[INFO] 18:19:06:978 LFS/(7781:7781): INICIO SELECT LIBRARY 55
[INFO] 18:19:06:981 LFS/(7781:7781): SELECT LIBRARY 55 = catalogue

[INFO] 18:19:06:982 LFS/(7781:7781): INICIO SELECT LIBRARY 56
[INFO] 18:19:06:986 LFS/(7781:7781): SELECT LIBRARY 56 = digitization

[INFO] 18:19:06:986 LFS/(7781:7781): INICIO SELECT LIBRARY 57
[INFO] 18:19:06:988 LFS/(7781:7781): SELECT LIBRARY 57 = archives

[INFO] 18:19:06:988 LFS/(7781:7781): INICIO SELECT LIBRARY 58
[INFO] 18:19:06:993 LFS/(7781:7781): SELECT LIBRARY 58 = entrance

[INFO] 18:19:06:994 LFS/(7781:7781): INICIO SELECT LIBRARY 59
[INFO] 18:19:06:995 LFS/(7781:7781): SELECT LIBRARY 59 = bookseller

[INFO] 18:19:06:997 LFS/(7781:7781): INICIO SELECT LIBRARY 60
[INFO] 18:19:06:998 LFS/(7781:7781): SELECT LIBRARY 60 = microfiche

[INFO] 18:19:06:999 LFS/(7781:7781): INICIO SELECT LIBRARY 62
[INFO] 18:19:06:1 LFS/(7781:7781): SELECT LIBRARY 62 = entrance

[INFO] 18:19:06:1 LFS/(7781:7781): INICIO SELECT LIBRARY 63
[INFO] 18:19:06:3 LFS/(7781:7781): SELECT LIBRARY 63 = microform

[INFO] 18:19:06:4 LFS/(7781:7781): INICIO SELECT LIBRARY 64
[INFO] 18:19:07:10 LFS/(7781:7781): SELECT LIBRARY 64 = lib

[INFO] 18:19:07:10 LFS/(7781:7781): INICIO SELECT LIBRARY 65
[INFO] 18:19:07:11 LFS/(7781:7781): SELECT LIBRARY 65 = depository

[INFO] 18:19:07:11 LFS/(7781:7781): INICIO SELECT LIBRARY 66
[INFO] 18:19:07:14 LFS/(7781:7781): SELECT LIBRARY 66 = bookfair

[INFO] 18:19:07:14 LFS/(7781:7781): INICIO SELECT LIBRARY 67
[INFO] 18:19:07:16 LFS/(7781:7781): SELECT LIBRARY 67 = catalogue

[INFO] 18:19:07:17 LFS/(7781:7781): INICIO SELECT LIBRARY 68
[INFO] 18:19:07:19 LFS/(7781:7781): SELECT LIBRARY 68 = carrel

[INFO] 18:19:07:20 LFS/(7781:7781): INICIO SELECT LIBRARY 69
[INFO] 18:19:07:24 LFS/(7781:7781): SELECT LIBRARY 69 = preschool

[INFO] 18:19:07:25 LFS/(7781:7781): INICIO SELECT LIBRARY 70
[INFO] 18:19:07:26 LFS/(7781:7781): SELECT LIBRARY 70 = bookshop

[INFO] 18:19:07:26 LFS/(7781:7781): INICIO SELECT LIBRARY 71
[INFO] 18:19:07:28 LFS/(7781:7781): SELECT LIBRARY 71 = bank

[INFO] 18:19:07:29 LFS/(7781:7781): INICIO SELECT LIBRARY 72
[INFO] 18:19:07:31 LFS/(7781:7781): SELECT LIBRARY 72 = herbarium

[INFO] 18:19:07:32 LFS/(7781:7781): INICIO SELECT LIBRARY 73
[INFO] 18:19:07:34 LFS/(7781:7781): SELECT LIBRARY 73 = booklover

[INFO] 18:19:07:34 LFS/(7781:7781): INICIO SELECT LIBRARY 74
[INFO] 18:19:07:38 LFS/(7781:7781): SELECT LIBRARY 74 = digitization

[INFO] 18:19:07:38 LFS/(7781:7781): INICIO SELECT LIBRARY 75
[INFO] 18:19:07:43 LFS/(7781:7781): SELECT LIBRARY 75 = microfiche

[INFO] 18:19:07:43 LFS/(7781:7781): INICIO SELECT LIBRARY 76
[INFO] 18:19:07:45 LFS/(7781:7781): SELECT LIBRARY 76 = microfiche

[INFO] 18:19:07:45 LFS/(7781:7781): INICIO SELECT LIBRARY 77
[INFO] 18:19:07:49 LFS/(7781:7781): SELECT LIBRARY 77 = puc

[INFO] 18:19:07:50 LFS/(7781:7781): INICIO SELECT LIBRARY 78
[INFO] 18:19:07:51 LFS/(7781:7781): SELECT LIBRARY 78 = catalogue

[INFO] 18:19:07:51 LFS/(7781:7781): INICIO SELECT LIBRARY 79
[INFO] 18:19:07:53 LFS/(7781:7781): SELECT LIBRARY 79 = collection

[INFO] 18:19:07:53 LFS/(7781:7781): INICIO SELECT LIBRARY 80
[INFO] 18:19:07:56 LFS/(7781:7781): SELECT LIBRARY 80 = hammarskjold

[INFO] 18:19:07:57 LFS/(7781:7781): INICIO SELECT LIBRARY 81
[INFO] 18:19:07:58 LFS/(7781:7781): SELECT LIBRARY 81 = campus

[INFO] 18:19:07:61 LFS/(7781:7781): INICIO SELECT LIBRARY 82
[INFO] 18:19:07:63 LFS/(7781:7781): SELECT LIBRARY 82 = mobile library

[INFO] 18:19:07:64 LFS/(7781:7781): INICIO SELECT LIBRARY 83
[INFO] 18:19:07:66 LFS/(7781:7781): SELECT LIBRARY 83 = catalogue

[INFO] 18:19:07:66 LFS/(7781:7781): INICIO SELECT LIBRARY 84
[INFO] 18:19:07:69 LFS/(7781:7781): SELECT LIBRARY 84 = interlibrary

[INFO] 18:19:07:69 LFS/(7781:7781): INICIO SELECT LIBRARY 85
[INFO] 18:19:07:72 LFS/(7781:7781): SELECT LIBRARY 85 = firehouse

[INFO] 18:19:07:72 LFS/(7781:7781): INICIO SELECT LIBRARY 86
[INFO] 18:19:07:75 LFS/(7781:7781): SELECT LIBRARY 86 = microfilm

[INFO] 18:19:07:75 LFS/(7781:7781): INICIO SELECT LIBRARY 87
[INFO] 18:19:07:77 LFS/(7781:7781): SELECT LIBRARY 87 = microfilm

[INFO] 18:19:07:78 LFS/(7781:7781): INICIO SELECT LIBRARY 88
[INFO] 18:19:07:80 LFS/(7781:7781): SELECT LIBRARY 88 = archives

[INFO] 18:19:07:80 LFS/(7781:7781): INICIO SELECT LIBRARY 89
[INFO] 18:19:07:83 LFS/(7781:7781): SELECT LIBRARY 89 = literature

[INFO] 18:19:07:83 LFS/(7781:7781): INICIO SELECT LIBRARY 91
[INFO] 18:19:07:86 LFS/(7781:7781): SELECT LIBRARY 91 = herbarium

[INFO] 18:19:07:86 LFS/(7781:7781): INICIO SELECT LIBRARY 92
[INFO] 18:19:07:88 LFS/(7781:7781): SELECT LIBRARY 92 = bookfair

[INFO] 18:19:07:89 LFS/(7781:7781): INICIO SELECT LIBRARY 93
[INFO] 18:19:07:94 LFS/(7781:7781): SELECT LIBRARY 93 = literature

[INFO] 18:19:07:95 LFS/(7781:7781): INICIO SELECT LIBRARY 94
[INFO] 18:19:07:97 LFS/(7781:7781): SELECT LIBRARY 94 = auditorium

[INFO] 18:19:07:98 LFS/(7781:7781): INICIO SELECT LIBRARY 95
[INFO] 18:19:07:99 LFS/(7781:7781): SELECT LIBRARY 95 = hammarskjöld

[INFO] 18:19:07:99 LFS/(7781:7781): INICIO SELECT LIBRARY 96
[INFO] 18:19:07:102 LFS/(7781:7781): SELECT LIBRARY 96 = microfilm

[INFO] 18:19:07:103 LFS/(7781:7781): INICIO SELECT LIBRARY 97
[INFO] 18:19:07:105 LFS/(7781:7781): SELECT LIBRARY 97 = archives

[INFO] 18:19:07:106 LFS/(7781:7781): INICIO SELECT LIBRARY 98
[INFO] 18:19:07:109 LFS/(7781:7781): SELECT LIBRARY 98 = museum

[INFO] 18:19:07:110 LFS/(7781:7781): INICIO SELECT LIBRARY 99
[INFO] 18:19:07:111 LFS/(7781:7781): SELECT LIBRARY 99 = bibliothec

[INFO] 18:19:07:111 LFS/(7781:7781): INICIO SELECT LIBRARY 100
[INFO] 18:19:07:137 LFS/(7781:7781): SELECT LIBRARY 100 = puc

[INFO] 18:19:07:138 LFS/(7781:7781): INICIO SELECT LIBRARY 101
[INFO] 18:19:07:139 LFS/(7781:7781): SELECT LIBRARY 101 = library routine

[INFO] 18:19:07:139 LFS/(7781:7781): INICIO SELECT LIBRARY 102
[INFO] 18:19:07:140 LFS/(7781:7781): SELECT LIBRARY 102 = bookfair

[INFO] 18:19:07:141 LFS/(7781:7781): INICIO SELECT LIBRARY 103
[INFO] 18:19:07:142 LFS/(7781:7781): SELECT LIBRARY 103 = archivist

[INFO] 18:19:07:142 LFS/(7781:7781): INICIO SELECT LIBRARY 105
[INFO] 18:19:07:143 LFS/(7781:7781): SELECT LIBRARY 105 = lac

[INFO] 18:19:07:143 LFS/(7781:7781): INICIO SELECT LIBRARY 106
[INFO] 18:19:07:145 LFS/(7781:7781): SELECT LIBRARY 106 = tutorials

[INFO] 18:19:07:146 LFS/(7781:7781): INICIO SELECT LIBRARY 107
[INFO] 18:19:07:149 LFS/(7781:7781): SELECT LIBRARY 107 = librarians

[INFO] 18:19:07:149 LFS/(7781:7781): INICIO SELECT LIBRARY 108
[INFO] 18:19:07:152 LFS/(7781:7781): SELECT LIBRARY 108 = interlibrary loa
[INFO] 18:19:07:153 LFS/(7781:7781): INICIO SELECT LIBRARY 109
[INFO] 18:19:07:154 LFS/(7781:7781): SELECT LIBRARY 109 = dewey decimal cl
[INFO] 18:19:07:155 LFS/(7781:7781): INICIO SELECT LIBRARY 110
[INFO] 18:19:07:158 LFS/(7781:7781): SELECT LIBRARY 110 = card catalog

[INFO] 18:19:07:159 LFS/(7781:7781): INICIO SELECT LIBRARY 112
[INFO] 18:19:07:161 LFS/(7781:7781): SELECT LIBRARY 112 = genealogy

[INFO] 18:19:07:162 LFS/(7781:7781): INICIO SELECT LIBRARY 113
[INFO] 18:19:07:163 LFS/(7781:7781): SELECT LIBRARY 113 = bookselling

[INFO] 18:19:07:167 LFS/(7781:7781): INICIO SELECT LIBRARY 114
[INFO] 18:19:07:168 LFS/(7781:7781): SELECT LIBRARY 114 = bookmobile

[INFO] 18:19:07:168 LFS/(7781:7781): INICIO SELECT LIBRARY 115
[INFO] 18:19:07:171 LFS/(7781:7781): SELECT LIBRARY 115 = carrel

[INFO] 18:19:07:171 LFS/(7781:7781): INICIO SELECT LIBRARY 116
[INFO] 18:19:07:173 LFS/(7781:7781): SELECT LIBRARY 116 = alexandrina

[INFO] 18:19:07:174 LFS/(7781:7781): INICIO SELECT LIBRARY 119
[INFO] 18:19:07:176 LFS/(7781:7781): SELECT LIBRARY 119 = branch

[INFO] 18:19:07:177 LFS/(7781:7781): INICIO SELECT LIBRARY 120
[INFO] 18:19:07:179 LFS/(7781:7781): SELECT LIBRARY 120 = catalogues

[INFO] 18:19:07:179 LFS/(7781:7781): INICIO SELECT LIBRARY 121
[INFO] 18:19:07:182 LFS/(7781:7781): SELECT LIBRARY 121 = bodleian

[INFO] 18:19:07:182 LFS/(7781:7781): INICIO SELECT LIBRARY 122
[INFO] 18:19:07:185 LFS/(7781:7781): SELECT LIBRARY 122 = athenaeum

[INFO] 18:19:07:185 LFS/(7781:7781): INICIO SELECT LIBRARY 123
[INFO] 18:19:07:188 LFS/(7781:7781): SELECT LIBRARY 123 = bibliothèque

[INFO] 18:19:07:188 LFS/(7781:7781): INICIO SELECT LIBRARY 125
[INFO] 18:19:07:191 LFS/(7781:7781): SELECT LIBRARY 125 = bookcase

[INFO] 18:19:07:191 LFS/(7781:7781): INICIO SELECT LIBRARY 126
[INFO] 18:19:07:193 LFS/(7781:7781): SELECT LIBRARY 126 = catalog

[INFO] 18:19:07:194 LFS/(7781:7781): INICIO SELECT LIBRARY 127
[INFO] 18:19:07:196 LFS/(7781:7781): SELECT LIBRARY 127 = literature

[INFO] 18:19:07:196 LFS/(7781:7781): INICIO SELECT LIBRARY 128
[INFO] 18:19:07:199 LFS/(7781:7781): SELECT LIBRARY 128 = pavilion

[INFO] 18:19:07:199 LFS/(7781:7781): INICIO SELECT LIBRARY 129
[INFO] 18:19:07:202 LFS/(7781:7781): SELECT LIBRARY 129 = ccl

[INFO] 18:19:07:202 LFS/(7781:7781): INICIO SELECT LIBRARY 130
[INFO] 18:19:07:205 LFS/(7781:7781): SELECT LIBRARY 130 = repertoire

[INFO] 18:19:07:205 LFS/(7781:7781): INICIO SELECT LIBRARY 131
[INFO] 18:19:07:208 LFS/(7781:7781): SELECT LIBRARY 131 = bookplates

[INFO] 18:19:07:208 LFS/(7781:7781): INICIO SELECT LIBRARY 132
[INFO] 18:19:07:212 LFS/(7781:7781): SELECT LIBRARY 132 = periodicals

[INFO] 18:19:07:212 LFS/(7781:7781): INICIO SELECT LIBRARY 133
[INFO] 18:19:07:214 LFS/(7781:7781): SELECT LIBRARY 133 = natatorium

[INFO] 18:19:07:214 LFS/(7781:7781): INICIO SELECT LIBRARY 134
[INFO] 18:19:07:217 LFS/(7781:7781): SELECT LIBRARY 134 = bookshelves

[INFO] 18:19:07:218 LFS/(7781:7781): INICIO SELECT LIBRARY 135
[INFO] 18:19:07:219 LFS/(7781:7781): SELECT LIBRARY 135 = carrel

[INFO] 18:19:07:221 LFS/(7781:7781): INICIO SELECT LIBRARY 136
[INFO] 18:19:07:223 LFS/(7781:7781): SELECT LIBRARY 136 = lac

[INFO] 18:19:07:224 LFS/(7781:7781): INICIO SELECT LIBRARY 137
[INFO] 18:19:07:227 LFS/(7781:7781): SELECT LIBRARY 137 = ccl

[INFO] 18:19:07:227 LFS/(7781:7781): INICIO SELECT LIBRARY 138
[INFO] 18:19:07:229 LFS/(7781:7781): SELECT LIBRARY 138 = lac

[INFO] 18:19:07:230 LFS/(7781:7781): INICIO SELECT LIBRARY 139
[INFO] 18:19:07:232 LFS/(7781:7781): SELECT LIBRARY 139 = public library

[INFO] 18:19:07:232 LFS/(7781:7781): INICIO SELECT LIBRARY 140
[INFO] 18:19:07:235 LFS/(7781:7781): SELECT LIBRARY 140 = collections

[INFO] 18:19:07:236 LFS/(7781:7781): INICIO SELECT LIBRARY 141
[INFO] 18:19:07:238 LFS/(7781:7781): SELECT LIBRARY 141 = bookseller

[INFO] 18:19:07:239 LFS/(7781:7781): INICIO SELECT LIBRARY 142
[INFO] 18:19:07:241 LFS/(7781:7781): SELECT LIBRARY 142 = tcha

[INFO] 18:19:07:241 LFS/(7781:7781): INICIO SELECT LIBRARY 143
[INFO] 18:19:07:244 LFS/(7781:7781): SELECT LIBRARY 143 = ccl

[INFO] 18:19:07:244 LFS/(7781:7781): INICIO SELECT LIBRARY 144
[INFO] 18:19:07:246 LFS/(7781:7781): SELECT LIBRARY 144 = documentary

[INFO] 18:19:07:247 LFS/(7781:7781): INICIO SELECT LIBRARY 145
[INFO] 18:19:07:249 LFS/(7781:7781): SELECT LIBRARY 145 = librarians

[INFO] 18:19:07:249 LFS/(7781:7781): INICIO SELECT LIBRARY 146
[INFO] 18:19:07:252 LFS/(7781:7781): SELECT LIBRARY 146 = librarians

[INFO] 18:19:07:252 LFS/(7781:7781): INICIO SELECT LIBRARY 147
[INFO] 18:19:07:255 LFS/(7781:7781): SELECT LIBRARY 147 = cinematheque

[INFO] 18:19:07:256 LFS/(7781:7781): INICIO SELECT LIBRARY 149
[INFO] 18:19:07:258 LFS/(7781:7781): SELECT LIBRARY 149 = lac

[INFO] 18:19:07:259 LFS/(7781:7781): INICIO SELECT LIBRARY 150
[INFO] 18:19:07:260 LFS/(7781:7781): SELECT LIBRARY 150 = dag

[INFO] 18:19:07:261 LFS/(7781:7781): INICIO SELECT LIBRARY 151
[INFO] 18:19:07:266 LFS/(7781:7781): SELECT LIBRARY 151 = sublibrarian

[INFO] 18:19:07:266 LFS/(7781:7781): INICIO SELECT LIBRARY 152
[INFO] 18:19:07:267 LFS/(7781:7781): SELECT LIBRARY 152 = firehouse

[INFO] 18:19:07:268 LFS/(7781:7781): INICIO SELECT LIBRARY 153
[INFO] 18:19:07:272 LFS/(7781:7781): SELECT LIBRARY 153 = depository library

[INFO] 18:19:07:273 LFS/(7781:7781): INICIO SELECT LIBRARY 154
[INFO] 18:19:07:275 LFS/(7781:7781): SELECT LIBRARY 154 = cinematheque

[INFO] 18:19:07:279 LFS/(7781:7781): INICIO SELECT LIBRARY 155
[INFO] 18:19:07:281 LFS/(7781:7781): SELECT LIBRARY 155 = nlc

[INFO] 18:19:07:281 LFS/(7781:7781): INICIO SELECT LIBRARY 156
[INFO] 18:19:07:285 LFS/(7781:7781): SELECT LIBRARY 156 = bibliothecary

[INFO] 18:19:07:286 LFS/(7781:7781): INICIO SELECT LIBRARY 157
[INFO] 18:19:07:287 LFS/(7781:7781): SELECT LIBRARY 157 = atheneum

[INFO] 18:19:07:287 LFS/(7781:7781): INICIO SELECT LIBRARY 159
[INFO] 18:19:07:288 LFS/(7781:7781): SELECT LIBRARY 159 = collections

[INFO] 18:19:07:288 LFS/(7781:7781): INICIO SELECT LIBRARY 160
[INFO] 18:19:07:293 LFS/(7781:7781): SELECT LIBRARY 160 = public library

[INFO] 18:19:07:293 LFS/(7781:7781): INICIO SELECT LIBRARY 161
[INFO] 18:19:07:295 LFS/(7781:7781): SELECT LIBRARY 161 = digitization

[INFO] 18:19:07:295 LFS/(7781:7781): INICIO SELECT LIBRARY 162
[INFO] 18:19:07:296 LFS/(7781:7781): SELECT LIBRARY 162 = interlibrary loa
[INFO] 18:19:07:296 LFS/(7781:7781): INICIO SELECT LIBRARY 163
[INFO] 18:19:07:302 LFS/(7781:7781): SELECT LIBRARY 163 = depository

[INFO] 18:19:07:302 LFS/(7781:7781): INICIO SELECT LIBRARY 165
[INFO] 18:19:07:303 LFS/(7781:7781): SELECT LIBRARY 165 = dewey decimal sy
[INFO] 18:19:07:303 LFS/(7781:7781): INICIO SELECT LIBRARY 167
[INFO] 18:19:07:304 LFS/(7781:7781): SELECT LIBRARY 167 = reference book

[INFO] 18:19:07:304 LFS/(7781:7781): INICIO SELECT LIBRARY 168
[INFO] 18:19:07:305 LFS/(7781:7781): SELECT LIBRARY 168 = branch

[INFO] 18:19:07:306 LFS/(7781:7781): INICIO SELECT LIBRARY 169
[INFO] 18:19:07:308 LFS/(7781:7781): SELECT LIBRARY 169 = bibliothec

[INFO] 18:19:07:308 LFS/(7781:7781): INICIO SELECT LIBRARY 171
[INFO] 18:19:07:313 LFS/(7781:7781): SELECT LIBRARY 171 = bank

[INFO] 18:19:07:314 LFS/(7781:7781): INICIO SELECT LIBRARY 173
[INFO] 18:19:07:315 LFS/(7781:7781): SELECT LIBRARY 173 = bookseller

[INFO] 18:19:07:315 LFS/(7781:7781): INICIO SELECT LIBRARY 175
[INFO] 18:19:07:316 LFS/(7781:7781): SELECT LIBRARY 175 = collection

[INFO] 18:19:07:324 LFS/(7781:7781): INICIO SELECT LIBRARY 176
[INFO] 18:19:07:325 LFS/(7781:7781): SELECT LIBRARY 176 = bibliothec

[INFO] 18:19:07:326 LFS/(7781:7781): INICIO SELECT LIBRARY 177
[INFO] 18:19:07:328 LFS/(7781:7781): SELECT LIBRARY 177 = booklover

[INFO] 18:19:07:329 LFS/(7781:7781): INICIO SELECT LIBRARY 178
[INFO] 18:19:07:333 LFS/(7781:7781): SELECT LIBRARY 178 = literature

[INFO] 18:19:07:333 LFS/(7781:7781): INICIO SELECT LIBRARY 179
[INFO] 18:19:07:334 LFS/(7781:7781): SELECT LIBRARY 179 = microfiche

[INFO] 18:19:07:337 LFS/(7781:7781): INICIO SELECT LIBRARY 180
[INFO] 18:19:07:338 LFS/(7781:7781): SELECT LIBRARY 180 = bookcase

[INFO] 18:19:07:338 LFS/(7781:7781): INICIO SELECT LIBRARY 182
[INFO] 18:19:07:340 LFS/(7781:7781): SELECT LIBRARY 182 = literature

[INFO] 18:19:07:341 LFS/(7781:7781): INICIO SELECT LIBRARY 183
[INFO] 18:19:07:346 LFS/(7781:7781): SELECT LIBRARY 183 = planetarium

[INFO] 18:19:07:346 LFS/(7781:7781): INICIO SELECT LIBRARY 184
[INFO] 18:19:07:348 LFS/(7781:7781): SELECT LIBRARY 184 = bookstore

[INFO] 18:19:07:348 LFS/(7781:7781): INICIO SELECT LIBRARY 185
[INFO] 18:19:07:351 LFS/(7781:7781): SELECT LIBRARY 185 = herbarium

[INFO] 18:19:07:351 LFS/(7781:7781): INICIO SELECT LIBRARY 186
[INFO] 18:19:07:353 LFS/(7781:7781): SELECT LIBRARY 186 = classrooms

[INFO] 18:19:07:354 LFS/(7781:7781): INICIO SELECT LIBRARY 187
[INFO] 18:19:07:356 LFS/(7781:7781): SELECT LIBRARY 187 = periodicals

[INFO] 18:19:07:357 LFS/(7781:7781): INICIO SELECT LIBRARY 189
[INFO] 18:19:07:359 LFS/(7781:7781): SELECT LIBRARY 189 = archives

[INFO] 18:19:07:360 LFS/(7781:7781): INICIO SELECT LIBRARY 190
[INFO] 18:19:07:362 LFS/(7781:7781): SELECT LIBRARY 190 = bookcases

[INFO] 18:19:07:362 LFS/(7781:7781): INICIO SELECT LIBRARY 191
[INFO] 18:19:07:365 LFS/(7781:7781): SELECT LIBRARY 191 = documentary

[INFO] 18:19:07:365 LFS/(7781:7781): INICIO SELECT LIBRARY 192
[INFO] 18:19:07:368 LFS/(7781:7781): SELECT LIBRARY 192 = dag

[INFO] 18:19:07:368 LFS/(7781:7781): INICIO SELECT LIBRARY 193
[INFO] 18:19:07:370 LFS/(7781:7781): SELECT LIBRARY 193 = microform

[INFO] 18:19:07:371 LFS/(7781:7781): INICIO SELECT LIBRARY 194
[INFO] 18:19:07:374 LFS/(7781:7781): SELECT LIBRARY 194 = auditorium

[INFO] 18:19:07:374 LFS/(7781:7781): INICIO SELECT LIBRARY 195
[INFO] 18:19:07:378 LFS/(7781:7781): SELECT LIBRARY 195 = bibliotheca

[INFO] 18:19:07:378 LFS/(7781:7781): INICIO SELECT LIBRARY 196
[INFO] 18:19:07:380 LFS/(7781:7781): SELECT LIBRARY 196 = depository libra
[INFO] 18:19:07:380 LFS/(7781:7781): INICIO SELECT LIBRARY 197
[INFO] 18:19:07:383 LFS/(7781:7781): SELECT LIBRARY 197 = interlibrary

[INFO] 18:19:07:384 LFS/(7781:7781): INICIO SELECT LIBRARY 198
[INFO] 18:19:07:388 LFS/(7781:7781): SELECT LIBRARY 198 = elementary

[INFO] 18:19:07:389 LFS/(7781:7781): INICIO SELECT LIBRARY 199
[INFO] 18:19:07:390 LFS/(7781:7781): SELECT LIBRARY 199 = bookseller

[INFO] 18:19:07:390 LFS/(7781:7781): INICIO SELECT LIBRARY 200
[INFO] 18:19:07:393 LFS/(7781:7781): SELECT LIBRARY 200 = puc

[INFO] 18:19:07:394 LFS/(7781:7781): INICIO SELECT LIBRARY 201
[INFO] 18:19:07:397 LFS/(7781:7781): SELECT LIBRARY 201 = puc

[INFO] 18:19:07:398 LFS/(7781:7781): INICIO SELECT LIBRARY 202
[INFO] 18:19:07:400 LFS/(7781:7781): SELECT LIBRARY 202 = arboretum

[INFO] 18:19:07:400 LFS/(7781:7781): INICIO SELECT LIBRARY 203
[INFO] 18:19:07:403 LFS/(7781:7781): SELECT LIBRARY 203 = bookcase

[INFO] 18:19:07:403 LFS/(7781:7781): INICIO SELECT LIBRARY 204
[INFO] 18:19:07:406 LFS/(7781:7781): SELECT LIBRARY 204 = nlc

[INFO] 18:19:07:406 LFS/(7781:7781): INICIO SELECT LIBRARY 205
[INFO] 18:19:07:408 LFS/(7781:7781): SELECT LIBRARY 205 = natatorium

[INFO] 18:19:07:409 LFS/(7781:7781): INICIO SELECT LIBRARY 207
[INFO] 18:19:07:412 LFS/(7781:7781): SELECT LIBRARY 207 = dag

[INFO] 18:19:07:413 LFS/(7781:7781): INICIO SELECT LIBRARY 208
[INFO] 18:19:07:414 LFS/(7781:7781): SELECT LIBRARY 208 = librairie

[INFO] 18:19:07:415 LFS/(7781:7781): INICIO SELECT LIBRARY 209
[INFO] 18:19:07:417 LFS/(7781:7781): SELECT LIBRARY 209 = bookseller

[INFO] 18:19:07:417 LFS/(7781:7781): INICIO SELECT LIBRARY 211
[INFO] 18:19:07:420 LFS/(7781:7781): SELECT LIBRARY 211 = tutorials

[INFO] 18:19:07:420 LFS/(7781:7781): INICIO SELECT LIBRARY 212
[INFO] 18:19:07:423 LFS/(7781:7781): SELECT LIBRARY 212 = faculty

[INFO] 18:19:07:424 LFS/(7781:7781): INICIO SELECT LIBRARY 213
[INFO] 18:19:07:425 LFS/(7781:7781): SELECT LIBRARY 213 = tcha

[INFO] 18:19:07:426 LFS/(7781:7781): INICIO SELECT LIBRARY 214
[INFO] 18:19:07:429 LFS/(7781:7781): SELECT LIBRARY 214 = tutorials

[INFO] 18:19:07:430 LFS/(7781:7781): INICIO SELECT LIBRARY 216
[INFO] 18:19:07:431 LFS/(7781:7781): SELECT LIBRARY 216 = bibliotheke

[INFO] 18:19:07:432 LFS/(7781:7781): INICIO SELECT LIBRARY 217
[INFO] 18:19:07:435 LFS/(7781:7781): SELECT LIBRARY 217 = bookshelves

[INFO] 18:19:07:435 LFS/(7781:7781): INICIO SELECT LIBRARY 218
[INFO] 18:19:07:437 LFS/(7781:7781): SELECT LIBRARY 218 = herbarium

[INFO] 18:19:07:438 LFS/(7781:7781): INICIO SELECT LIBRARY 219
[INFO] 18:19:07:440 LFS/(7781:7781): SELECT LIBRARY 219 = librarianship

[INFO] 18:19:07:441 LFS/(7781:7781): INICIO SELECT LIBRARY 221
[INFO] 18:19:07:445 LFS/(7781:7781): SELECT LIBRARY 221 = faculty

[INFO] 18:19:07:445 LFS/(7781:7781): INICIO SELECT LIBRARY 222
[INFO] 18:19:07:450 LFS/(7781:7781): SELECT LIBRARY 222 = lac

[INFO] 18:19:07:450 LFS/(7781:7781): INICIO SELECT LIBRARY 223
[INFO] 18:19:07:451 LFS/(7781:7781): SELECT LIBRARY 223 = book

[INFO] 18:19:07:451 LFS/(7781:7781): INICIO SELECT LIBRARY 224
[INFO] 18:19:07:455 LFS/(7781:7781): SELECT LIBRARY 224 = puc

[INFO] 18:19:07:455 LFS/(7781:7781): INICIO SELECT LIBRARY 225
[INFO] 18:19:07:457 LFS/(7781:7781): SELECT LIBRARY 225 = athenaeum

[INFO] 18:19:07:458 LFS/(7781:7781): INICIO SELECT LIBRARY 226
[INFO] 18:19:07:460 LFS/(7781:7781): SELECT LIBRARY 226 = documentation

[INFO] 18:19:07:460 LFS/(7781:7781): INICIO SELECT LIBRARY 227
[INFO] 18:19:07:463 LFS/(7781:7781): SELECT LIBRARY 227 = dewey decimal cl
[INFO] 18:19:07:464 LFS/(7781:7781): INICIO SELECT LIBRARY 228
[INFO] 18:19:07:467 LFS/(7781:7781): SELECT LIBRARY 228 = microfiche

[INFO] 18:19:07:467 LFS/(7781:7781): INICIO SELECT LIBRARY 229
[INFO] 18:19:07:469 LFS/(7781:7781): SELECT LIBRARY 229 = lac

[INFO] 18:19:07:470 LFS/(7781:7781): INICIO SELECT LIBRARY 230
[INFO] 18:19:07:472 LFS/(7781:7781): SELECT LIBRARY 230 = lib

[INFO] 18:19:07:472 LFS/(7781:7781): INICIO SELECT LIBRARY 231
[INFO] 18:19:07:475 LFS/(7781:7781): SELECT LIBRARY 231 = tutorials

[INFO] 18:19:07:475 LFS/(7781:7781): INICIO SELECT LIBRARY 232
[INFO] 18:19:07:478 LFS/(7781:7781): SELECT LIBRARY 232 = bodleian

[INFO] 18:19:07:478 LFS/(7781:7781): INICIO SELECT LIBRARY 233
[INFO] 18:19:07:480 LFS/(7781:7781): SELECT LIBRARY 233 = sublibrarian

[INFO] 18:19:07:481 LFS/(7781:7781): INICIO SELECT LIBRARY 234
[INFO] 18:19:07:483 LFS/(7781:7781): SELECT LIBRARY 234 = herbarium

[INFO] 18:19:07:484 LFS/(7781:7781): INICIO SELECT LIBRARY 235
[INFO] 18:19:07:486 LFS/(7781:7781): SELECT LIBRARY 235 = branch

[INFO] 18:19:07:487 LFS/(7781:7781): INICIO SELECT LIBRARY 236
[INFO] 18:19:07:489 LFS/(7781:7781): SELECT LIBRARY 236 = tcha

[INFO] 18:19:07:490 LFS/(7781:7781): INICIO SELECT LIBRARY 237
[INFO] 18:19:07:493 LFS/(7781:7781): SELECT LIBRARY 237 = bookshelves

[INFO] 18:19:07:493 LFS/(7781:7781): INICIO SELECT LIBRARY 238
[INFO] 18:19:07:496 LFS/(7781:7781): SELECT LIBRARY 238 = firehouse

[INFO] 18:19:07:497 LFS/(7781:7781): INICIO SELECT LIBRARY 239
[INFO] 18:19:07:498 LFS/(7781:7781): SELECT LIBRARY 239 = museum

[INFO] 18:19:07:499 LFS/(7781:7781): INICIO SELECT LIBRARY 240
[INFO] 18:19:07:501 LFS/(7781:7781): SELECT LIBRARY 240 = librarians

[INFO] 18:19:07:504 LFS/(7781:7781): INICIO SELECT LIBRARY 241
[INFO] 18:19:07:506 LFS/(7781:7781): SELECT LIBRARY 241 = museum

[INFO] 18:19:07:506 LFS/(7781:7781): INICIO SELECT LIBRARY 242
[INFO] 18:19:07:509 LFS/(7781:7781): SELECT LIBRARY 242 = bookselling

[INFO] 18:19:07:509 LFS/(7781:7781): INICIO SELECT LIBRARY 243
[INFO] 18:19:07:511 LFS/(7781:7781): SELECT LIBRARY 243 = arboretum

[INFO] 18:19:07:512 LFS/(7781:7781): INICIO SELECT LIBRARY 244
[INFO] 18:19:07:514 LFS/(7781:7781): SELECT LIBRARY 244 = library routine

[INFO] 18:19:07:515 LFS/(7781:7781): INICIO SELECT LIBRARY 246
[INFO] 18:19:07:517 LFS/(7781:7781): SELECT LIBRARY 246 = library science

[INFO] 18:19:07:517 LFS/(7781:7781): INICIO SELECT LIBRARY 247
[INFO] 18:19:07:521 LFS/(7781:7781): SELECT LIBRARY 247 = bank

[INFO] 18:19:07:521 LFS/(7781:7781): INICIO SELECT LIBRARY 248
[INFO] 18:19:07:523 LFS/(7781:7781): SELECT LIBRARY 248 = bookshelf

[INFO] 18:19:07:523 LFS/(7781:7781): INICIO SELECT LIBRARY 249
[INFO] 18:19:07:526 LFS/(7781:7781): SELECT LIBRARY 249 = documentation

[INFO] 18:19:07:526 LFS/(7781:7781): INICIO SELECT LIBRARY 250
[INFO] 18:19:07:528 LFS/(7781:7781): SELECT LIBRARY 250 = microfilm

[INFO] 18:19:07:529 LFS/(7781:7781): INICIO SELECT LIBRARY 251
[INFO] 18:19:07:531 LFS/(7781:7781): SELECT LIBRARY 251 = planetarium

[INFO] 18:19:07:532 LFS/(7781:7781): INICIO SELECT LIBRARY 252
[INFO] 18:19:07:534 LFS/(7781:7781): SELECT LIBRARY 252 = repository

[INFO] 18:19:07:534 LFS/(7781:7781): INICIO SELECT LIBRARY 253
[INFO] 18:19:07:537 LFS/(7781:7781): SELECT LIBRARY 253 = carrel

[INFO] 18:19:07:537 LFS/(7781:7781): INICIO SELECT LIBRARY 256
[INFO] 18:19:07:540 LFS/(7781:7781): SELECT LIBRARY 256 = bookselling

[INFO] 18:19:07:540 LFS/(7781:7781): INICIO SELECT LIBRARY 257
[INFO] 18:19:07:543 LFS/(7781:7781): SELECT LIBRARY 257 = lib

[INFO] 18:19:07:544 LFS/(7781:7781): INICIO SELECT LIBRARY 258
[INFO] 18:19:07:546 LFS/(7781:7781): SELECT LIBRARY 258 = arboretum

[INFO] 18:19:07:547 LFS/(7781:7781): INICIO SELECT LIBRARY 259
[INFO] 18:19:07:549 LFS/(7781:7781): SELECT LIBRARY 259 = bnc

[INFO] 18:19:07:549 LFS/(7781:7781): INICIO SELECT LIBRARY 260
[INFO] 18:19:07:553 LFS/(7781:7781): SELECT LIBRARY 260 = bookfair

[INFO] 18:19:07:553 LFS/(7781:7781): INICIO SELECT LIBRARY 261
[INFO] 18:19:07:554 LFS/(7781:7781): SELECT LIBRARY 261 = dewey decimal sy
[INFO] 18:19:07:558 LFS/(7781:7781): INICIO SELECT LIBRARY 262
[INFO] 18:19:07:559 LFS/(7781:7781): SELECT LIBRARY 262 = bookcases

[INFO] 18:19:07:559 LFS/(7781:7781): INICIO SELECT LIBRARY 263
[INFO] 18:19:07:562 LFS/(7781:7781): SELECT LIBRARY 263 = dewey decimal sy
[INFO] 18:19:07:563 LFS/(7781:7781): INICIO SELECT LIBRARY 264
[INFO] 18:19:07:566 LFS/(7781:7781): SELECT LIBRARY 264 = bookshelves

[INFO] 18:19:07:567 LFS/(7781:7781): INICIO SELECT LIBRARY 265
[INFO] 18:19:07:568 LFS/(7781:7781): SELECT LIBRARY 265 = catalogue

[INFO] 18:19:07:568 LFS/(7781:7781): INICIO SELECT LIBRARY 266
[INFO] 18:19:07:573 LFS/(7781:7781): SELECT LIBRARY 266 = encyclopedias

[INFO] 18:19:07:574 LFS/(7781:7781): INICIO SELECT LIBRARY 267
[INFO] 18:19:07:575 LFS/(7781:7781): SELECT LIBRARY 267 = elementary

[INFO] 18:19:07:575 LFS/(7781:7781): INICIO SELECT LIBRARY 268
[INFO] 18:19:07:578 LFS/(7781:7781): SELECT LIBRARY 268 = library routine

[INFO] 18:19:07:578 LFS/(7781:7781): INICIO SELECT LIBRARY 270
[INFO] 18:19:07:582 LFS/(7781:7781): SELECT LIBRARY 270 = interlibrary loa
[INFO] 18:19:07:582 LFS/(7781:7781): INICIO SELECT LIBRARY 271
[INFO] 18:19:07:584 LFS/(7781:7781): SELECT LIBRARY 271 = dag

[INFO] 18:19:07:585 LFS/(7781:7781): INICIO SELECT LIBRARY 272
[INFO] 18:19:07:587 LFS/(7781:7781): SELECT LIBRARY 272 = museum

[INFO] 18:19:07:588 LFS/(7781:7781): INICIO SELECT LIBRARY 273
[INFO] 18:19:07:590 LFS/(7781:7781): SELECT LIBRARY 273 = library routine

[INFO] 18:19:07:590 LFS/(7781:7781): INICIO SELECT LIBRARY 274
[INFO] 18:19:07:594 LFS/(7781:7781): SELECT LIBRARY 274 = lib

[INFO] 18:19:07:594 LFS/(7781:7781): INICIO SELECT LIBRARY 275
[INFO] 18:19:07:596 LFS/(7781:7781): SELECT LIBRARY 275 = bibliotheke

[INFO] 18:19:07:597 LFS/(7781:7781): INICIO SELECT LIBRARY 276
[INFO] 18:19:07:600 LFS/(7781:7781): SELECT LIBRARY 276 = catalogues

[INFO] 18:19:07:600 LFS/(7781:7781): INICIO SELECT LIBRARY 277
[INFO] 18:19:07:602 LFS/(7781:7781): SELECT LIBRARY 277 = cinematheque

[INFO] 18:19:07:603 LFS/(7781:7781): INICIO SELECT LIBRARY 278
[INFO] 18:19:07:605 LFS/(7781:7781): SELECT LIBRARY 278 = atheneum

[INFO] 18:19:07:607 LFS/(7781:7781): INICIO SELECT LIBRARY 279
[INFO] 18:19:07:608 LFS/(7781:7781): SELECT LIBRARY 279 = microfiche

[INFO] 18:19:07:610 LFS/(7781:7781): INICIO SELECT LIBRARY 280
[INFO] 18:19:07:612 LFS/(7781:7781): SELECT LIBRARY 280 = bibliothèque

[INFO] 18:19:07:612 LFS/(7781:7781): INICIO SELECT LIBRARY 281
[INFO] 18:19:07:616 LFS/(7781:7781): SELECT LIBRARY 281 = bookseller

[INFO] 18:19:07:617 LFS/(7781:7781): INICIO SELECT LIBRARY 282
[INFO] 18:19:07:618 LFS/(7781:7781): SELECT LIBRARY 282 = cinematheque

[INFO] 18:19:07:618 LFS/(7781:7781): INICIO SELECT LIBRARY 283
[INFO] 18:19:07:621 LFS/(7781:7781): SELECT LIBRARY 283 = periodicals

[INFO] 18:19:07:622 LFS/(7781:7781): INICIO SELECT LIBRARY 284
[INFO] 18:19:07:627 LFS/(7781:7781): SELECT LIBRARY 284 = repertoire

[INFO] 18:19:07:627 LFS/(7781:7781): INICIO SELECT LIBRARY 285
[INFO] 18:19:07:629 LFS/(7781:7781): SELECT LIBRARY 285 = mobile library

[INFO] 18:19:07:629 LFS/(7781:7781): INICIO SELECT LIBRARY 286
[INFO] 18:19:07:632 LFS/(7781:7781): SELECT LIBRARY 286 = ccl

[INFO] 18:19:07:633 LFS/(7781:7781): INICIO SELECT LIBRARY 287
[INFO] 18:19:07:634 LFS/(7781:7781): SELECT LIBRARY 287 = bookshelves

[INFO] 18:19:07:635 LFS/(7781:7781): INICIO SELECT LIBRARY 288
[INFO] 18:19:07:637 LFS/(7781:7781): SELECT LIBRARY 288 = bibliotheke

[INFO] 18:19:07:638 LFS/(7781:7781): INICIO SELECT LIBRARY 289
[INFO] 18:19:07:640 LFS/(7781:7781): SELECT LIBRARY 289 = librarianship

[INFO] 18:19:07:641 LFS/(7781:7781): INICIO SELECT LIBRARY 290
[INFO] 18:19:07:644 LFS/(7781:7781): SELECT LIBRARY 290 = bibliothecary

[INFO] 18:19:07:645 LFS/(7781:7781): INICIO SELECT LIBRARY 291
[INFO] 18:19:07:647 LFS/(7781:7781): SELECT LIBRARY 291 = bookfair

[INFO] 18:19:07:648 LFS/(7781:7781): INICIO SELECT LIBRARY 292
[INFO] 18:19:07:650 LFS/(7781:7781): SELECT LIBRARY 292 = reference book

[INFO] 18:19:07:651 LFS/(7781:7781): INICIO SELECT LIBRARY 293
[INFO] 18:19:07:653 LFS/(7781:7781): SELECT LIBRARY 293 = bibliographical

[INFO] 18:19:07:653 LFS/(7781:7781): INICIO SELECT LIBRARY 294
[INFO] 18:19:07:656 LFS/(7781:7781): SELECT LIBRARY 294 = campus

[INFO] 18:19:07:656 LFS/(7781:7781): INICIO SELECT LIBRARY 295
[INFO] 18:19:07:659 LFS/(7781:7781): SELECT LIBRARY 295 = librairie

[INFO] 18:19:07:659 LFS/(7781:7781): INICIO SELECT LIBRARY 296
[INFO] 18:19:07:661 LFS/(7781:7781): SELECT LIBRARY 296 = lib

[INFO] 18:19:07:662 LFS/(7781:7781): INICIO SELECT LIBRARY 297
[INFO] 18:19:07:664 LFS/(7781:7781): SELECT LIBRARY 297 = bookseller

[INFO] 18:19:07:665 LFS/(7781:7781): INICIO SELECT LIBRARY 298
[INFO] 18:19:07:667 LFS/(7781:7781): SELECT LIBRARY 298 = archives

[INFO] 18:19:07:668 LFS/(7781:7781): INICIO SELECT LIBRARY 299
[INFO] 18:19:07:670 LFS/(7781:7781): SELECT LIBRARY 299 = digitization

[INFO] 18:19:07:670 LFS/(7781:7781): INICIO SELECT LIBRARY 300
[INFO] 18:19:07:674 LFS/(7781:7781): SELECT LIBRARY 300 = librarianship

